0 verbose cli C:\Program Files\nodejs\node.exe C:\Program Files\nodejs\node_modules\npm\bin\npm-cli.js
1 info using npm@11.9.0
2 info using node@v24.14.0
3 silly config load:file:C:\Program Files\nodejs\node_modules\npm\npmrc
4 silly config load:file:C:\Users\Tony Olajide\Documents\Projects\pt-app\.npmrc
5 silly config load:file:C:\Users\Tony Olajide\.npmrc
6 silly config load:file:C:\Users\Tony Olajide\AppData\Roaming\npm\etc\npmrc
7 verbose title npm install ws
8 verbose argv "--cache" ".\\tmp\\npm-cache" "install" "ws"
9 verbose logfile logs-max:10 dir:C:\Users\Tony Olajide\Documents\Projects\pt-app\tmp\npm-cache\_logs\2026-06-14T16_57_50_381Z-
10 verbose logfile C:\Users\Tony Olajide\Documents\Projects\pt-app\tmp\npm-cache\_logs\2026-06-14T16_57_50_381Z-debug-0.log
11 silly logfile done cleaning log files
12 silly packumentCache heap:4496293888 maxSize:1124073472 maxEntrySize:562036736
13 silly idealTree buildDeps
14 silly fetch manifest ws@*
15 silly packumentCache full:https://registry.npmjs.org/ws cache-miss
16 http fetch GET 200 https://registry.npmjs.org/ws 207ms (cache miss)
17 silly packumentCache full:https://registry.npmjs.org/ws set size:undefined disposed:false
18 silly fetch manifest bufferutil@^4.0.1
19 silly packumentCache full:https://registry.npmjs.org/bufferutil cache-miss
20 http fetch GET 200 https://registry.npmjs.org/bufferutil 37ms (cache miss)
21 silly packumentCache full:https://registry.npmjs.org/bufferutil set size:undefined disposed:false
22 silly fetch manifest utf-8-validate@>=5.0.2
23 silly packumentCache full:https://registry.npmjs.org/utf-8-validate cache-miss
24 http fetch GET 200 https://registry.npmjs.org/utf-8-validate 39ms (cache miss)
25 silly packumentCache full:https://registry.npmjs.org/utf-8-validate set size:undefined disposed:false
26 silly placeDep ROOT ws@8.21.0 REPLACE for: pt-app@0.1.0 want: *
27 silly fetch manifest ws@~8.18.3
28 silly packumentCache full:https://registry.npmjs.org/ws cache-miss
29 http cache https://registry.npmjs.org/ws 7ms (cache hit)
30 silly packumentCache full:https://registry.npmjs.org/ws set size:427091 disposed:false
31 silly placeDep node_modules/engine.io ws@8.18.3 OK for: engine.io@6.6.6 want: ~8.18.3
32 silly placeDep node_modules/engine.io-client ws@8.18.3 OK for: engine.io-client@6.6.4 want: ~8.18.3
33 silly placeDep node_modules/socket.io-adapter ws@8.18.3 OK for: socket.io-adapter@2.5.6 want: ~8.18.3
34 silly reify mark retired [
34 silly reify   'C:\\Users\\Tony Olajide\\Documents\\Projects\\pt-app\\node_modules\\ws'
34 silly reify ]
35 silly reify moves {
35 silly reify   'C:\\Users\\Tony Olajide\\Documents\\Projects\\pt-app\\node_modules\\ws': 'C:\\Users\\Tony Olajide\\Documents\\Projects\\pt-app\\node_modules\\.ws-m9VrH4TT'
35 silly reify }
36 silly audit bulk request {
36 silly audit   '@alloc/quick-lru': [ '5.2.0' ],
36 silly audit   '@clerk/backend': [ '3.2.1' ],
36 silly audit   '@clerk/shared': [ '4.3.1', '3.47.2' ],
36 silly audit   '@clerk/nextjs': [ '7.0.5' ],
36 silly audit   '@clerk/react': [ '6.1.1' ],
36 silly audit   '@clerk/themes': [ '2.4.57' ],
36 silly audit   csstype: [ '3.1.3', '3.2.3' ],
36 silly audit   '@emnapi/core': [ '1.9.1' ],
36 silly audit   '@emnapi/runtime': [ '1.9.1' ],
36 silly audit   '@emnapi/wasi-threads': [ '1.2.0' ],
36 silly audit   '@eslint-community/eslint-utils': [ '4.9.1' ],
36 silly audit   'eslint-visitor-keys': [ '3.4.3', '5.0.1', '4.2.1' ],
36 silly audit   '@eslint-community/regexpp': [ '4.12.2' ],
36 silly audit   '@eslint/config-array': [ '0.21.2' ],
36 silly audit   '@eslint/config-helpers': [ '0.4.2' ],
36 silly audit   '@eslint/core': [ '0.17.0' ],
36 silly audit   '@eslint/eslintrc': [ '3.3.5' ],
36 silly audit   '@eslint/js': [ '9.39.4' ],
36 silly audit   '@eslint/object-schema': [ '2.1.7' ],
36 silly audit   '@eslint/plugin-kit': [ '0.4.1' ],
36 silly audit   '@floating-ui/core': [ '1.7.5' ],
36 silly audit   '@floating-ui/dom': [ '1.7.6' ],
36 silly audit   '@floating-ui/react-dom': [ '2.1.8' ],
36 silly audit   '@floating-ui/utils': [ '0.2.11' ],
36 silly audit   '@hookform/resolvers': [ '5.2.2' ],
36 silly audit   '@humanfs/core': [ '0.19.1' ],
36 silly audit   '@humanfs/node': [ '0.16.7' ],
36 silly audit   '@humanwhocodes/module-importer': [ '1.0.1' ],
36 silly audit   '@humanwhocodes/retry': [ '0.4.3' ],
36 silly audit   '@img/colour': [ '1.1.0' ],
36 silly audit   '@img/sharp-darwin-arm64': [ '0.34.5' ],
36 silly audit   '@img/sharp-darwin-x64': [ '0.34.5' ],
36 silly audit   '@img/sharp-libvips-darwin-arm64': [ '1.2.4' ],
36 silly audit   '@img/sharp-libvips-darwin-x64': [ '1.2.4' ],
36 silly audit   '@img/sharp-libvips-linux-arm': [ '1.2.4' ],
36 silly audit   '@img/sharp-libvips-linux-arm64': [ '1.2.4' ],
36 silly audit   '@img/sharp-libvips-linux-ppc64': [ '1.2.4' ],
36 silly audit   '@img/sharp-libvips-linux-riscv64': [ '1.2.4' ],
36 silly audit   '@img/sharp-libvips-linux-s390x': [ '1.2.4' ],
36 silly audit   '@img/sharp-libvips-linux-x64': [ '1.2.4' ],
36 silly audit   '@img/sharp-libvips-linuxmusl-arm64': [ '1.2.4' ],
36 silly audit   '@img/sharp-libvips-linuxmusl-x64': [ '1.2.4' ],
36 silly audit   '@img/sharp-linux-arm': [ '0.34.5' ],
36 silly audit   '@img/sharp-linux-arm64': [ '0.34.5' ],
36 silly audit   '@img/sharp-linux-ppc64': [ '0.34.5' ],
36 silly audit   '@img/sharp-linux-riscv64': [ '0.34.5' ],
36 silly audit   '@img/sharp-linux-s390x': [ '0.34.5' ],
36 silly audit   '@img/sharp-linux-x64': [ '0.34.5' ],
36 silly audit   '@img/sharp-linuxmusl-arm64': [ '0.34.5' ],
36 silly audit   '@img/sharp-linuxmusl-x64': [ '0.34.5' ],
36 silly audit   '@img/sharp-wasm32': [ '0.34.5' ],
36 silly audit   '@img/sharp-win32-arm64': [ '0.34.5' ],
36 silly audit   '@img/sharp-win32-ia32': [ '0.34.5' ],
36 silly audit   '@img/sharp-win32-x64': [ '0.34.5' ],
36 silly audit   '@jridgewell/gen-mapping': [ '0.3.13' ],
36 silly audit   '@jridgewell/resolve-uri': [ '3.1.2' ],
36 silly audit   '@jridgewell/sourcemap-codec': [ '1.5.5' ],
36 silly audit   '@jridgewell/trace-mapping': [ '0.3.31' ],
36 silly audit   '@napi-rs/wasm-runtime': [ '0.2.12' ],
36 silly audit   '@neondatabase/serverless': [ '1.1.0' ],
36 silly audit   '@next/env': [ '15.5.14' ],
36 silly audit   '@next/eslint-plugin-next': [ '15.5.14' ],
36 silly audit   '@next/swc-darwin-arm64': [ '15.5.14' ],
36 silly audit   '@next/swc-darwin-x64': [ '15.5.14' ],
36 silly audit   '@next/swc-linux-arm64-gnu': [ '15.5.14' ],
36 silly audit   '@next/swc-linux-arm64-musl': [ '15.5.14' ],
36 silly audit   '@next/swc-linux-x64-gnu': [ '15.5.14' ],
36 silly audit   '@next/swc-linux-x64-musl': [ '15.5.14' ],
36 silly audit   '@next/swc-win32-arm64-msvc': [ '15.5.14' ],
36 silly audit   '@next/swc-win32-x64-msvc': [ '15.5.14' ],
36 silly audit   '@nodelib/fs.scandir': [ '2.1.5' ],
36 silly audit   '@nodelib/fs.stat': [ '2.0.5' ],
36 silly audit   '@nodelib/fs.walk': [ '1.2.8' ],
36 silly audit   '@nolyfill/is-core-module': [ '1.0.39' ],
36 silly audit   '@prisma/adapter-neon': [ '6.19.2' ],
36 silly audit   '@prisma/client': [ '6.19.2' ],
36 silly audit   '@prisma/config': [ '6.19.2' ],
36 silly audit   '@prisma/debug': [ '6.19.2' ],
36 silly audit   '@prisma/driver-adapter-utils': [ '6.19.2' ],
36 silly audit   '@prisma/engines': [ '6.19.2' ],
36 silly audit   '@prisma/engines-version': [ '7.1.1-3.c2990dca591cba766e3b7ef5d9e8a84796e47ab7' ],
36 silly audit   '@prisma/fetch-engine': [ '6.19.2' ],
36 silly audit   '@prisma/get-platform': [ '6.19.2' ],
36 silly audit   '@radix-ui/number': [ '1.1.1' ],
36 silly audit   '@radix-ui/primitive': [ '1.1.3' ],
36 silly audit   '@radix-ui/react-arrow': [ '1.1.7' ],
36 silly audit   '@radix-ui/react-primitive': [ '2.1.3', '2.1.4' ],
36 silly audit   '@radix-ui/react-avatar': [ '1.1.11' ],
36 silly audit   '@radix-ui/react-collection': [ '1.1.7' ],
36 silly audit   '@radix-ui/react-context': [ '1.1.2', '1.1.3' ],
36 silly audit   '@radix-ui/react-compose-refs': [ '1.1.2' ],
36 silly audit   '@radix-ui/react-dialog': [ '1.1.15' ],
36 silly audit   '@radix-ui/react-direction': [ '1.1.1' ],
36 silly audit   '@radix-ui/react-dismissable-layer': [ '1.1.11' ],
36 silly audit   '@radix-ui/react-dropdown-menu': [ '2.1.16' ],
36 silly audit   '@radix-ui/react-focus-guards': [ '1.1.3' ],
36 silly audit   '@radix-ui/react-focus-scope': [ '1.1.7' ],
36 silly audit   '@radix-ui/react-id': [ '1.1.1' ],
36 silly audit   '@radix-ui/react-menu': [ '2.1.16' ],
36 silly audit   '@radix-ui/react-popper': [ '1.2.8' ],
36 silly audit   '@radix-ui/react-portal': [ '1.1.9' ],
36 silly audit   '@radix-ui/react-presence': [ '1.1.5' ],
36 silly audit   '@radix-ui/react-slot': [ '1.2.4', '1.2.3' ],
36 silly audit   '@radix-ui/react-progress': [ '1.1.8' ],
36 silly audit   '@radix-ui/react-roving-focus': [ '1.1.11' ],
36 silly audit   '@radix-ui/react-scroll-area': [ '1.2.10' ],
36 silly audit   '@radix-ui/react-select': [ '2.2.6' ],
36 silly audit   '@radix-ui/react-separator': [ '1.1.8' ],
36 silly audit   '@radix-ui/react-tabs': [ '1.1.13' ],
36 silly audit   '@radix-ui/react-tooltip': [ '1.2.8' ],
36 silly audit   '@radix-ui/react-use-callback-ref': [ '1.1.1' ],
36 silly audit   '@radix-ui/react-use-controllable-state': [ '1.2.2' ],
36 silly audit   '@radix-ui/react-use-effect-event': [ '0.0.2' ],
36 silly audit   '@radix-ui/react-use-escape-keydown': [ '1.1.1' ],
36 silly audit   '@radix-ui/react-use-is-hydrated': [ '0.1.0' ],
36 silly audit   '@radix-ui/react-use-layout-effect': [ '1.1.1' ],
36 silly audit   '@radix-ui/react-use-previous': [ '1.1.1' ],
36 silly audit   '@radix-ui/react-use-rect': [ '1.1.1' ],
36 silly audit   '@radix-ui/react-use-size': [ '1.1.1' ],
36 silly audit   '@radix-ui/react-visually-hidden': [ '1.2.3' ],
36 silly audit   '@radix-ui/rect': [ '1.1.1' ],
36 silly audit   '@reduxjs/toolkit': [ '2.11.2' ],
36 silly audit   immer: [ '11.1.4', '10.2.0' ],
36 silly audit   '@rtsao/scc': [ '1.1.0' ],
36 silly audit   '@rushstack/eslint-patch': [ '1.16.1' ],
36 silly audit   '@socket.io/component-emitter': [ '3.1.2' ],
36 silly audit   '@stablelib/base64': [ '1.0.1' ],
36 silly audit   '@standard-schema/spec': [ '1.1.0' ],
36 silly audit   '@standard-schema/utils': [ '0.3.0' ],
36 silly audit   '@swc/helpers': [ '0.5.15' ],
36 silly audit   '@tanstack/query-core': [ '5.90.16' ],
36 silly audit   '@tybys/wasm-util': [ '0.10.1' ],
36 silly audit   '@types/cors': [ '2.8.19' ],
36 silly audit   '@types/d3-array': [ '3.2.2' ],
36 silly audit   '@types/d3-color': [ '3.1.3' ],
36 silly audit   '@types/d3-ease': [ '3.0.2' ],
36 silly audit   '@types/d3-interpolate': [ '3.0.4' ],
36 silly audit   '@types/d3-path': [ '3.1.1' ],
36 silly audit   '@types/d3-scale': [ '4.0.9' ],
36 silly audit   '@types/d3-shape': [ '3.1.8' ],
36 silly audit   '@types/d3-time': [ '3.0.4' ],
36 silly audit   '@types/d3-timer': [ '3.0.2' ],
36 silly audit   '@types/estree': [ '1.0.8' ],
36 silly audit   '@types/json-schema': [ '7.0.15' ],
36 silly audit   '@types/json5': [ '0.0.29' ],
36 silly audit   '@types/node': [ '20.19.37' ],
36 silly audit   '@types/react': [ '19.2.14' ],
36 silly audit   '@types/react-dom': [ '19.2.3' ],
36 silly audit   '@types/use-sync-external-store': [ '0.0.6' ],
36 silly audit   '@types/ws': [ '8.18.1' ],
36 silly audit   '@typescript-eslint/eslint-plugin': [ '8.57.1' ],
36 silly audit   ignore: [ '7.0.5', '5.3.2' ],
36 silly audit   '@typescript-eslint/parser': [ '8.57.1' ],
36 silly audit   '@typescript-eslint/project-service': [ '8.57.1' ],
36 silly audit   '@typescript-eslint/scope-manager': [ '8.57.1' ],
36 silly audit   '@typescript-eslint/tsconfig-utils': [ '8.57.1' ],
36 silly audit   '@typescript-eslint/type-utils': [ '8.57.1' ],
36 silly audit   '@typescript-eslint/types': [ '8.57.1' ],
36 silly audit   '@typescript-eslint/typescript-estree': [ '8.57.1' ],
36 silly audit   'balanced-match': [ '4.0.4', '1.0.2' ],
36 silly audit   'brace-expansion': [ '5.0.4', '1.1.12' ],
36 silly audit   minimatch: [ '10.2.4', '3.1.5' ],
36 silly audit   semver: [ '7.7.4', '6.3.1' ],
36 silly audit   '@typescript-eslint/utils': [ '8.57.1' ],
36 silly audit   '@typescript-eslint/visitor-keys': [ '8.57.1' ],
36 silly audit   '@unrs/resolver-binding-android-arm-eabi': [ '1.11.1' ],
36 silly audit   '@unrs/resolver-binding-android-arm64': [ '1.11.1' ],
36 silly audit   '@unrs/resolver-binding-darwin-arm64': [ '1.11.1' ],
36 silly audit   '@unrs/resolver-binding-darwin-x64': [ '1.11.1' ],
36 silly audit   '@unrs/resolver-binding-freebsd-x64': [ '1.11.1' ],
36 silly audit   '@unrs/resolver-binding-linux-arm-gnueabihf': [ '1.11.1' ],
36 silly audit   '@unrs/resolver-binding-linux-arm-musleabihf': [ '1.11.1' ],
36 silly audit   '@unrs/resolver-binding-linux-arm64-gnu': [ '1.11.1' ],
36 silly audit   '@unrs/resolver-binding-linux-arm64-musl': [ '1.11.1' ],
36 silly audit   '@unrs/resolver-binding-linux-ppc64-gnu': [ '1.11.1' ],
36 silly audit   '@unrs/resolver-binding-linux-riscv64-gnu': [ '1.11.1' ],
36 silly audit   '@unrs/resolver-binding-linux-riscv64-musl': [ '1.11.1' ],
36 silly audit   '@unrs/resolver-binding-linux-s390x-gnu': [ '1.11.1' ],
36 silly audit   '@unrs/resolver-binding-linux-x64-gnu': [ '1.11.1' ],
36 silly audit   '@unrs/resolver-binding-linux-x64-musl': [ '1.11.1' ],
36 silly audit   '@unrs/resolver-binding-wasm32-wasi': [ '1.11.1' ],
36 silly audit   '@unrs/resolver-binding-win32-arm64-msvc': [ '1.11.1' ],
36 silly audit   '@unrs/resolver-binding-win32-ia32-msvc': [ '1.11.1' ],
36 silly audit   '@unrs/resolver-binding-win32-x64-msvc': [ '1.11.1' ],
36 silly audit   accepts: [ '1.3.8' ],
36 silly audit   acorn: [ '8.16.0' ],
36 silly audit   'acorn-jsx': [ '5.3.2' ],
36 silly audit   ajv: [ '6.14.0' ],
36 silly audit   'ansi-styles': [ '4.3.0' ],
36 silly audit   'any-promise': [ '1.3.0' ],
36 silly audit   anymatch: [ '3.1.3' ],
36 silly audit   arg: [ '5.0.2' ],
36 silly audit   argparse: [ '2.0.1' ],
36 silly audit   'aria-hidden': [ '1.2.6' ],
36 silly audit   'aria-query': [ '5.3.2' ],
36 silly audit   'array-buffer-byte-length': [ '1.0.2' ],
36 silly audit   'array-includes': [ '3.1.9' ],
36 silly audit   'array.prototype.findlast': [ '1.2.5' ],
36 silly audit   'array.prototype.findlastindex': [ '1.2.6' ],
36 silly audit   'array.prototype.flat': [ '1.3.3' ],
36 silly audit   'array.prototype.flatmap': [ '1.3.3' ],
36 silly audit   'array.prototype.tosorted': [ '1.1.4' ],
36 silly audit   'arraybuffer.prototype.slice': [ '1.0.4' ],
36 silly audit   'ast-types-flow': [ '0.0.8' ],
36 silly audit   'async-function': [ '1.0.0' ],
36 silly audit   autoprefixer: [ '10.4.27' ],
36 silly audit   'available-typed-arrays': [ '1.0.7' ],
36 silly audit   'axe-core': [ '4.11.1' ],
36 silly audit   'axobject-query': [ '4.1.0' ],
36 silly audit   base64id: [ '2.0.0' ],
36 silly audit   'baseline-browser-mapping': [ '2.10.9' ],
36 silly audit   'binary-extensions': [ '2.3.0' ],
36 silly audit   braces: [ '3.0.3' ],
36 silly audit   browserslist: [ '4.28.1' ],
36 silly audit   c12: [ '3.1.0' ],
36 silly audit   'call-bind': [ '1.0.8' ],
36 silly audit   'call-bind-apply-helpers': [ '1.0.2' ],
36 silly audit   'call-bound': [ '1.0.4' ],
36 silly audit   callsites: [ '3.1.0' ],
36 silly audit   'camelcase-css': [ '2.0.1' ],
36 silly audit   'caniuse-lite': [ '1.0.30001780' ],
36 silly audit   chalk: [ '4.1.2' ],
36 silly audit   chokidar: [ '4.0.3', '3.6.0' ],
36 silly audit   citty: [ '0.1.6', '0.2.1' ],
36 silly audit   'client-only': [ '0.0.1' ],
36 silly audit   clsx: [ '2.1.1' ],
36 silly audit   'color-convert': [ '2.0.1' ],
36 silly audit   'color-name': [ '1.1.4' ],
36 silly audit   commander: [ '4.1.1' ],
36 silly audit   'concat-map': [ '0.0.1' ],
36 silly audit   confbox: [ '0.2.4' ],
36 silly audit   consola: [ '3.4.2' ],
36 silly audit   cookie: [ '0.7.2' ],
36 silly audit   cors: [ '2.8.6' ],
36 silly audit   'cross-spawn': [ '7.0.6' ],
36 silly audit   cssesc: [ '3.0.0' ],
36 silly audit   'd3-array': [ '3.2.4' ],
36 silly audit   'd3-color': [ '3.1.0' ],
36 silly audit   'd3-ease': [ '3.0.1' ],
36 silly audit   'd3-format': [ '3.1.2' ],
36 silly audit   'd3-interpolate': [ '3.0.1' ],
36 silly audit   'd3-path': [ '3.1.0' ],
36 silly audit   'd3-scale': [ '4.0.2' ],
36 silly audit   'd3-shape': [ '3.2.0' ],
36 silly audit   'd3-time': [ '3.1.0' ],
36 silly audit   'd3-time-format': [ '4.1.0' ],
36 silly audit   'd3-timer': [ '3.0.1' ],
36 silly audit   'damerau-levenshtein': [ '1.0.8' ],
36 silly audit   'data-view-buffer': [ '1.0.2' ],
36 silly audit   'data-view-byte-length': [ '1.0.2' ],
36 silly audit   'data-view-byte-offset': [ '1.0.1' ],
36 silly audit   'date-fns': [ '4.1.0' ],
36 silly audit   debug: [ '4.4.3', '3.2.7' ],
36 silly audit   'decimal.js-light': [ '2.5.1' ],
36 silly audit   'deep-is': [ '0.1.4' ],
36 silly audit   'deepmerge-ts': [ '7.1.5' ],
36 silly audit   'define-data-property': [ '1.1.4' ],
36 silly audit   'define-properties': [ '1.2.1' ],
36 silly audit   defu: [ '6.1.4' ],
36 silly audit   dequal: [ '2.0.3' ],
36 silly audit   destr: [ '2.0.5' ],
36 silly audit   'detect-libc': [ '2.1.2' ],
36 silly audit   'detect-node-es': [ '1.1.0' ],
36 silly audit   didyoumean: [ '1.2.2' ],
36 silly audit   dlv: [ '1.1.3' ],
36 silly audit   doctrine: [ '2.1.0' ],
36 silly audit   dotenv: [ '16.6.1' ],
36 silly audit   'dunder-proto': [ '1.0.1' ],
36 silly audit   effect: [ '3.18.4' ],
36 silly audit   'electron-to-chromium': [ '1.5.321' ],
36 silly audit   'emoji-regex': [ '9.2.2' ],
36 silly audit   empathic: [ '2.0.0' ],
36 silly audit   'engine.io': [ '6.6.6' ],
36 silly audit   'engine.io-client': [ '6.6.4' ],
36 silly audit   'engine.io-parser': [ '5.2.3' ],
36 silly audit   'es-abstract': [ '1.24.1' ],
36 silly audit   'es-define-property': [ '1.0.1' ],
36 silly audit   'es-errors': [ '1.3.0' ],
36 silly audit   'es-iterator-helpers': [ '1.3.1' ],
36 silly audit   'es-object-atoms': [ '1.1.1' ],
36 silly audit   'es-set-tostringtag': [ '2.1.0' ],
36 silly audit   'es-shim-unscopables': [ '1.1.0' ],
36 silly audit   'es-to-primitive': [ '1.3.0' ],
36 silly audit   'es-toolkit': [ '1.45.1' ],
36 silly audit   escalade: [ '3.2.0' ],
36 silly audit   'escape-string-regexp': [ '4.0.0' ],
36 silly audit   eslint: [ '9.39.4' ],
36 silly audit   'eslint-config-next': [ '15.5.14' ],
36 silly audit   'eslint-import-resolver-node': [ '0.3.9' ],
36 silly audit   'eslint-import-resolver-typescript': [ '3.10.1' ],
36 silly audit   'eslint-module-utils': [ '2.12.1' ],
36 silly audit   'eslint-plugin-import': [ '2.32.0' ],
36 silly audit   'eslint-plugin-jsx-a11y': [ '6.10.2' ],
36 silly audit   'eslint-plugin-react': [ '7.37.5' ],
36 silly audit   'eslint-plugin-react-hooks': [ '5.2.0' ],
36 silly audit   resolve: [ '2.0.0-next.6', '1.22.11' ],
36 silly audit   'eslint-scope': [ '8.4.0' ],
36 silly audit   espree: [ '10.4.0' ],
36 silly audit   esquery: [ '1.7.0' ],
36 silly audit   esrecurse: [ '4.3.0' ],
36 silly audit   estraverse: [ '5.3.0' ],
36 silly audit   esutils: [ '2.0.3' ],
36 silly audit   eventemitter3: [ '5.0.4' ],
36 silly audit   exsolve: [ '1.0.8' ],
36 silly audit   'fast-check': [ '3.23.2' ],
36 silly audit   'fast-deep-equal': [ '3.1.3' ],
36 silly audit   'fast-glob': [ '3.3.1', '3.3.3' ],
36 silly audit   'glob-parent': [ '5.1.2', '6.0.2' ],
36 silly audit   'fast-json-stable-stringify': [ '2.1.0' ],
36 silly audit   'fast-levenshtein': [ '2.0.6' ],
36 silly audit   'fast-sha256': [ '1.3.0' ],
36 silly audit   fastq: [ '1.20.1' ],
36 silly audit   'file-entry-cache': [ '8.0.0' ],
36 silly audit   'fill-range': [ '7.1.1' ],
36 silly audit   'find-up': [ '5.0.0' ],
36 silly audit   'flat-cache': [ '4.0.1' ],
36 silly audit   flatted: [ '3.4.2' ],
36 silly audit   'for-each': [ '0.3.5' ],
36 silly audit   'fraction.js': [ '5.3.4' ],
36 silly audit   fsevents: [ '2.3.3' ],
36 silly audit   'function-bind': [ '1.1.2' ],
36 silly audit   'function.prototype.name': [ '1.1.8' ],
36 silly audit   'functions-have-names': [ '1.2.3' ],
36 silly audit   'generator-function': [ '2.0.1' ],
36 silly audit   'get-intrinsic': [ '1.3.0' ],
36 silly audit   'get-nonce': [ '1.0.1' ],
36 silly audit   'get-proto': [ '1.0.1' ],
36 silly audit   'get-symbol-description': [ '1.1.0' ],
36 silly audit   'get-tsconfig': [ '4.13.6' ],
36 silly audit   giget: [ '2.0.0' ],
36 silly audit   'glob-to-regexp': [ '0.4.1' ],
36 silly audit   globals: [ '14.0.0' ],
36 silly audit   globalthis: [ '1.0.4' ],
36 silly audit   gopd: [ '1.2.0' ],
36 silly audit   'has-bigints': [ '1.1.0' ],
36 silly audit   'has-flag': [ '4.0.0' ],
36 silly audit   'has-property-descriptors': [ '1.0.2' ],
36 silly audit   'has-proto': [ '1.2.0' ],
36 silly audit   'has-symbols': [ '1.1.0' ],
36 silly audit   'has-tostringtag': [ '1.0.2' ],
36 silly audit   hasown: [ '2.0.2' ],
36 silly audit   'import-fresh': [ '3.3.1' ],
36 silly audit   imurmurhash: [ '0.1.4' ],
36 silly audit   'internal-slot': [ '1.1.0' ],
36 silly audit   internmap: [ '2.0.3' ],
36 silly audit   'is-array-buffer': [ '3.0.5' ],
36 silly audit   'is-async-function': [ '2.1.1' ],
36 silly audit   'is-bigint': [ '1.1.0' ],
36 silly audit   'is-binary-path': [ '2.1.0' ],
36 silly audit   'is-boolean-object': [ '1.2.2' ],
36 silly audit   'is-bun-module': [ '2.0.0' ],
36 silly audit   'is-callable': [ '1.2.7' ],
36 silly audit   'is-core-module': [ '2.16.1' ],
36 silly audit   'is-data-view': [ '1.0.2' ],
36 silly audit   'is-date-object': [ '1.1.0' ],
36 silly audit   'is-extglob': [ '2.1.1' ],
36 silly audit   'is-finalizationregistry': [ '1.1.1' ],
36 silly audit   'is-generator-function': [ '1.1.2' ],
36 silly audit   'is-glob': [ '4.0.3' ],
36 silly audit   'is-map': [ '2.0.3' ],
36 silly audit   'is-negative-zero': [ '2.0.3' ],
36 silly audit   'is-number': [ '7.0.0' ],
36 silly audit   'is-number-object': [ '1.1.1' ],
36 silly audit   'is-regex': [ '1.2.1' ],
36 silly audit   'is-set': [ '2.0.3' ],
36 silly audit   'is-shared-array-buffer': [ '1.0.4' ],
36 silly audit   'is-string': [ '1.1.1' ],
36 silly audit   'is-symbol': [ '1.1.1' ],
36 silly audit   'is-typed-array': [ '1.1.15' ],
36 silly audit   'is-weakmap': [ '2.0.2' ],
36 silly audit   'is-weakref': [ '1.1.1' ],
36 silly audit   'is-weakset': [ '2.0.4' ],
36 silly audit   isarray: [ '2.0.5' ],
36 silly audit   isexe: [ '2.0.0' ],
36 silly audit   'iterator.prototype': [ '1.1.5' ],
36 silly audit   jiti: [ '2.6.1', '1.21.7' ],
36 silly audit   'js-cookie': [ '3.0.5' ],
36 silly audit   'js-tokens': [ '4.0.0' ],
36 silly audit   'js-yaml': [ '4.1.1' ],
36 silly audit   'json-buffer': [ '3.0.1' ],
36 silly audit   'json-schema-traverse': [ '0.4.1' ],
36 silly audit   'json-stable-stringify-without-jsonify': [ '1.0.1' ],
36 silly audit   'jsx-ast-utils': [ '3.3.5' ],
36 silly audit   keyv: [ '4.5.4' ],
36 silly audit   'language-subtag-registry': [ '0.3.23' ],
36 silly audit   'language-tags': [ '1.0.9' ],
36 silly audit   levn: [ '0.4.1' ],
36 silly audit   lilconfig: [ '3.1.3' ],
36 silly audit   'lines-and-columns': [ '1.2.4' ],
36 silly audit   'locate-path': [ '6.0.0' ],
36 silly audit   'lodash.merge': [ '4.6.2' ],
36 silly audit   'loose-envify': [ '1.4.0' ],
36 silly audit   'lucide-react': [ '0.577.0' ],
36 silly audit   'math-intrinsics': [ '1.1.0' ],
36 silly audit   merge2: [ '1.4.1' ],
36 silly audit   micromatch: [ '4.0.8' ],
36 silly audit   'mime-db': [ '1.52.0' ],
36 silly audit   'mime-types': [ '2.1.35' ],
36 silly audit   minimist: [ '1.2.8' ],
36 silly audit   ms: [ '2.1.3' ],
36 silly audit   mz: [ '2.7.0' ],
36 silly audit   nanoid: [ '5.1.7', '3.3.11' ],
36 silly audit   'napi-postinstall': [ '0.3.4' ],
36 silly audit   'natural-compare': [ '1.4.0' ],
36 silly audit   negotiator: [ '0.6.3' ],
36 silly audit   next: [ '15.5.14' ],
36 silly audit   'next-themes': [ '0.4.6' ],
36 silly audit   postcss: [ '8.4.31', '8.5.8' ],
36 silly audit   'node-exports-info': [ '1.6.0' ],
36 silly audit   'node-fetch-native': [ '1.6.7' ],
36 silly audit   'node-releases': [ '2.0.36' ],
36 silly audit   'normalize-path': [ '3.0.0' ],
36 silly audit   nypm: [ '0.6.5' ],
36 silly audit   'object-assign': [ '4.1.1' ],
36 silly audit   'object-hash': [ '3.0.0' ],
36 silly audit   'object-inspect': [ '1.13.4' ],
36 silly audit   'object-keys': [ '1.1.1' ],
36 silly audit   'object.assign': [ '4.1.7' ],
36 silly audit   'object.entries': [ '1.1.9' ],
36 silly audit   'object.fromentries': [ '2.0.8' ],
36 silly audit   'object.groupby': [ '1.0.3' ],
36 silly audit   'object.values': [ '1.2.1' ],
36 silly audit   ohash: [ '2.0.11' ],
36 silly audit   optionator: [ '0.9.4' ],
36 silly audit   'own-keys': [ '1.0.1' ],
36 silly audit   'p-limit': [ '3.1.0' ],
36 silly audit   'p-locate': [ '5.0.0' ],
36 silly audit   'parent-module': [ '1.0.1' ],
36 silly audit   'path-exists': [ '4.0.0' ],
36 silly audit   'path-key': [ '3.1.1' ],
36 silly audit   'path-parse': [ '1.0.7' ],
36 silly audit   pathe: [ '2.0.3' ],
36 silly audit   'perfect-debounce': [ '1.0.0' ],
36 silly audit   picocolors: [ '1.1.1' ],
36 silly audit   picomatch: [ '2.3.1', '4.0.3' ],
36 silly audit   pify: [ '2.3.0' ],
36 silly audit   pirates: [ '4.0.7' ],
36 silly audit   'pkg-types': [ '2.3.0' ],
36 silly audit   'possible-typed-array-names': [ '1.1.0' ],
36 silly audit   'postcss-import': [ '15.1.0' ],
36 silly audit   'postcss-js': [ '4.1.0' ],
36 silly audit   'postcss-nested': [ '6.2.0' ],
36 silly audit   'postcss-selector-parser': [ '6.1.2' ],
36 silly audit   'postcss-value-parser': [ '4.2.0' ],
36 silly audit   'postgres-array': [ '3.0.4' ],
36 silly audit   'prelude-ls': [ '1.2.1' ],
36 silly audit   prisma: [ '6.19.2' ],
36 silly audit   'prop-types': [ '15.8.1' ],
36 silly audit   punycode: [ '2.3.1' ],
36 silly audit   'pure-rand': [ '6.1.0' ],
36 silly audit   'queue-microtask': [ '1.2.3' ],
36 silly audit   rc9: [ '2.1.2' ],
36 silly audit   react: [ '19.2.4' ],
36 silly audit   'react-dom': [ '19.2.4' ],
36 silly audit   'react-hook-form': [ '7.71.2' ],
36 silly audit   'react-is': [ '16.13.1' ],
36 silly audit   'react-redux': [ '9.2.0' ],
36 silly audit   'react-remove-scroll': [ '2.7.2' ],
36 silly audit   'react-remove-scroll-bar': [ '2.3.8' ],
36 silly audit   'react-style-singleton': [ '2.2.3' ],
36 silly audit   'read-cache': [ '1.0.0' ],
36 silly audit   readdirp: [ '4.1.2', '3.6.0' ],
36 silly audit   recharts: [ '3.8.0' ],
36 silly audit   redux: [ '5.0.1' ],
36 silly audit   'redux-thunk': [ '3.1.0' ],
36 silly audit   'reflect.getprototypeof': [ '1.0.10' ],
36 silly audit   'regexp.prototype.flags': [ '1.5.4' ],
36 silly audit   reselect: [ '5.1.1' ],
36 silly audit   'resolve-from': [ '4.0.0' ],
36 silly audit   'resolve-pkg-maps': [ '1.0.0' ],
36 silly audit   reusify: [ '1.1.0' ],
36 silly audit   'run-parallel': [ '1.2.0' ],
36 silly audit   'safe-array-concat': [ '1.1.3' ],
36 silly audit   'safe-push-apply': [ '1.0.0' ],
36 silly audit   'safe-regex-test': [ '1.1.0' ],
36 silly audit   scheduler: [ '0.27.0' ],
36 silly audit   'server-only': [ '0.0.1' ],
36 silly audit   'set-function-length': [ '1.2.2' ],
36 silly audit   'set-function-name': [ '2.0.2' ],
36 silly audit   'set-proto': [ '1.0.0' ],
36 silly audit   sharp: [ '0.34.5' ],
36 silly audit   'shebang-command': [ '2.0.0' ],
36 silly audit   'shebang-regex': [ '3.0.0' ],
36 silly audit   'side-channel': [ '1.1.0' ],
36 silly audit   'side-channel-list': [ '1.0.0' ],
36 silly audit   'side-channel-map': [ '1.0.1' ],
36 silly audit   'side-channel-weakmap': [ '1.0.2' ],
36 silly audit   'socket.io': [ '4.8.3' ],
36 silly audit   'socket.io-adapter': [ '2.5.6' ],
36 silly audit   'socket.io-client': [ '4.8.3' ],
36 silly audit   'socket.io-parser': [ '4.2.6' ],
36 silly audit   'source-map-js': [ '1.2.1' ],
36 silly audit   'stable-hash': [ '0.0.5' ],
36 silly audit   standardwebhooks: [ '1.0.0' ],
36 silly audit   'std-env': [ '3.10.0' ],
36 silly audit   'stop-iteration-iterator': [ '1.1.0' ],
36 silly audit   'string.prototype.includes': [ '2.0.1' ],
36 silly audit   'string.prototype.matchall': [ '4.0.12' ],
36 silly audit   'string.prototype.repeat': [ '1.0.0' ],
36 silly audit   'string.prototype.trim': [ '1.2.10' ],
36 silly audit   'string.prototype.trimend': [ '1.0.9' ],
36 silly audit   'string.prototype.trimstart': [ '1.0.8' ],
36 silly audit   'strip-bom': [ '3.0.0' ],
36 silly audit   'strip-json-comments': [ '3.1.1' ],
36 silly audit   'styled-jsx': [ '5.1.6' ],
36 silly audit   sucrase: [ '3.35.1' ],
36 silly audit   'supports-color': [ '7.2.0' ],
36 silly audit   'supports-preserve-symlinks-flag': [ '1.0.0' ],
36 silly audit   svix: [ '1.89.0' ],
36 silly audit   swr: [ '2.3.4' ],
36 silly audit   'tailwind-merge': [ '3.5.0' ],
36 silly audit   tailwindcss: [ '3.4.17' ],
36 silly audit   'postcss-load-config': [ '4.0.2' ],
36 silly audit   thenify: [ '3.3.1' ],
36 silly audit   'thenify-all': [ '1.6.0' ],
36 silly audit   'tiny-invariant': [ '1.3.3' ],
36 silly audit   tinyexec: [ '1.0.4' ],
36 silly audit   tinyglobby: [ '0.2.15' ],
36 silly audit   fdir: [ '6.5.0' ],
36 silly audit   'to-regex-range': [ '5.0.1' ],
36 silly audit   'ts-api-utils': [ '2.5.0' ],
36 silly audit   'ts-interface-checker': [ '0.1.13' ],
36 silly audit   'tsconfig-paths': [ '3.15.0' ],
36 silly audit   json5: [ '1.0.2' ],
36 silly audit   tslib: [ '2.8.1' ],
36 silly audit   'type-check': [ '0.4.0' ],
36 silly audit   'typed-array-buffer': [ '1.0.3' ],
36 silly audit   'typed-array-byte-length': [ '1.0.3' ],
36 silly audit   'typed-array-byte-offset': [ '1.0.4' ],
36 silly audit   'typed-array-length': [ '1.0.7' ],
36 silly audit   typescript: [ '5.9.3' ],
36 silly audit   'unbox-primitive': [ '1.1.0' ],
36 silly audit   'undici-types': [ '6.21.0' ],
36 silly audit   'unrs-resolver': [ '1.11.1' ],
36 silly audit   'update-browserslist-db': [ '1.2.3' ],
36 silly audit   'uri-js': [ '4.4.1' ],
36 silly audit   'use-callback-ref': [ '1.3.3' ],
36 silly audit   'use-sidecar': [ '1.1.3' ],
36 silly audit   'use-sync-external-store': [ '1.6.0' ],
36 silly audit   'util-deprecate': [ '1.0.2' ],
36 silly audit   uuid: [ '10.0.0' ],
36 silly audit   vary: [ '1.1.2' ],
36 silly audit   'victory-vendor': [ '37.3.6' ],
36 silly audit   which: [ '2.0.2' ],
36 silly audit   'which-boxed-primitive': [ '1.1.1' ],
36 silly audit   'which-builtin-type': [ '1.2.1' ],
36 silly audit   'which-collection': [ '1.0.2' ],
36 silly audit   'which-typed-array': [ '1.1.20' ],
36 silly audit   'word-wrap': [ '1.2.5' ],
36 silly audit   'xmlhttprequest-ssl': [ '2.1.2' ],
36 silly audit   yaml: [ '2.8.2' ],
36 silly audit   'yocto-queue': [ '0.1.0' ],
36 silly audit   zod: [ '4.3.6' ],
36 silly audit   zustand: [ '5.0.12' ],
36 silly audit   ws: [ '8.21.0', '8.18.3' ]
36 silly audit }
37 http cache ws@https://registry.npmjs.org/ws/-/ws-8.21.0.tgz 0ms (cache hit)
38 http cache ws@https://registry.npmjs.org/ws/-/ws-8.18.3.tgz 0ms (cache hit)
39 http cache ws@https://registry.npmjs.org/ws/-/ws-8.18.3.tgz 0ms (cache hit)
40 silly tarball no local data for ws@https://registry.npmjs.org/ws/-/ws-8.21.0.tgz. Extracting by manifest.
41 http cache ws@https://registry.npmjs.org/ws/-/ws-8.18.3.tgz 0ms (cache hit)
42 silly tarball no local data for ws@https://registry.npmjs.org/ws/-/ws-8.18.3.tgz. Extracting by manifest.
43 silly tarball no local data for ws@https://registry.npmjs.org/ws/-/ws-8.18.3.tgz. Extracting by manifest.
44 silly tarball no local data for ws@https://registry.npmjs.org/ws/-/ws-8.18.3.tgz. Extracting by manifest.
45 http fetch GET 200 https://registry.npmjs.org/ws/-/ws-8.21.0.tgz 118ms (cache miss)
46 http fetch GET 200 https://registry.npmjs.org/ws/-/ws-8.18.3.tgz 122ms (cache miss)
47 http fetch GET 200 https://registry.npmjs.org/ws/-/ws-8.18.3.tgz 124ms (cache miss)
48 http fetch GET 200 https://registry.npmjs.org/ws/-/ws-8.18.3.tgz 126ms (cache miss)
49 http fetch POST 200 https://registry.npmjs.org/-/npm/v1/security/advisories/bulk 327ms
50 silly audit report {
50 silly audit report   '@clerk/backend': [
50 silly audit report     {
50 silly audit report       id: 1120354,
50 silly audit report       url: 'https://github.com/advisories/GHSA-w24r-5266-9c3c',
50 silly audit report       title: 'Clerk has an authorization bypass when combining organization, billing, or reverification checks',
50 silly audit report       severity: 'high',
50 silly audit report       vulnerable_versions: '>=3.0.0 <=3.2.13',
50 silly audit report       cwe: [Array],
50 silly audit report       cvss: [Object]
50 silly audit report     },
50 silly audit report     {
50 silly audit report       id: 1115987,
50 silly audit report       url: 'https://github.com/advisories/GHSA-gjxx-92w9-8v8f',
50 silly audit report       title: 'Clerk: SSRF in the opt-in clerkFrontendApiProxy feature may leak secret keys to unintended host',
50 silly audit report       severity: 'high',
50 silly audit report       vulnerable_versions: '>=3.0.0 <=3.2.2',
50 silly audit report       cwe: [Array],
50 silly audit report       cvss: [Object]
50 silly audit report     }
50 silly audit report   ],
50 silly audit report   '@clerk/shared': [
50 silly audit report     {
50 silly audit report       id: 1120356,
50 silly audit report       url: 'https://github.com/advisories/GHSA-w24r-5266-9c3c',
50 silly audit report       title: 'Clerk has an authorization bypass when combining organization, billing, or reverification checks',
50 silly audit report       severity: 'high',
50 silly audit report       vulnerable_versions: '>=4.0.0 <=4.8.2',
50 silly audit report       cwe: [Array],
50 silly audit report       cvss: [Object]
50 silly audit report     },
50 silly audit report     {
50 silly audit report       id: 1120357,
50 silly audit report       url: 'https://github.com/advisories/GHSA-w24r-5266-9c3c',
50 silly audit report       title: 'Clerk has an authorization bypass when combining organization, billing, or reverification checks',
50 silly audit report       severity: 'high',
50 silly audit report       vulnerable_versions: '>=3.0.0 <=3.47.4',
50 silly audit report       cwe: [Array],
50 silly audit report       cvss: [Object]
50 silly audit report     },
50 silly audit report     {
50 silly audit report       id: 1117122,
50 silly audit report       url: 'https://github.com/advisories/GHSA-vqx2-fgx2-5wq9',
50 silly audit report       title: 'Official Clerk JavaScript SDKs: Middleware-based route protection bypass',
50 silly audit report       severity: 'critical',
50 silly audit report       vulnerable_versions: '>=4.0.0 <4.8.1',
50 silly audit report       cwe: [Array],
50 silly audit report       cvss: [Object]
50 silly audit report     },
50 silly audit report     {
50 silly audit report       id: 1117123,
50 silly audit report       url: 'https://github.com/advisories/GHSA-vqx2-fgx2-5wq9',
50 silly audit report       title: 'Official Clerk JavaScript SDKs: Middleware-based route protection bypass',
50 silly audit report       severity: 'critical',
50 silly audit report       vulnerable_versions: '>=3.0.0-canary.v20250225091530 <3.47.4',
50 silly audit report       cwe: [Array],
50 silly audit report       cvss: [Object]
50 silly audit report     }
50 silly audit report   ],
50 silly audit report   '@clerk/nextjs': [
50 silly audit report     {
50 silly audit report       id: 1120352,
50 silly audit report       url: 'https://github.com/advisories/GHSA-w24r-5266-9c3c',
50 silly audit report       title: 'Clerk has an authorization bypass when combining organization, billing, or reverification checks',
50 silly audit report       severity: 'high',
50 silly audit report       vulnerable_versions: '>=7.0.0 <=7.2.3',
50 silly audit report       cwe: [Array],
50 silly audit report       cvss: [Object]
50 silly audit report     },
50 silly audit report     {
50 silly audit report       id: 1117127,
50 silly audit report       url: 'https://github.com/advisories/GHSA-vqx2-fgx2-5wq9',
50 silly audit report       title: 'Official Clerk JavaScript SDKs: Middleware-based route protection bypass',
50 silly audit report       severity: 'critical',
50 silly audit report       vulnerable_versions: '>=7.0.0 <7.2.1',
50 silly audit report       cwe: [Array],
50 silly audit report       cvss: [Object]
50 silly audit report     }
50 silly audit report   ],
50 silly audit report   '@clerk/react': [
50 silly audit report     {
50 silly audit report       id: 1120348,
50 silly audit report       url: 'https://github.com/advisories/GHSA-w24r-5266-9c3c',
50 silly audit report       title: 'Clerk has an authorization bypass when combining organization, billing, or reverification checks',
50 silly audit report       severity: 'high',
50 silly audit report       vulnerable_versions: '>=6.0.0 <=6.4.2',
50 silly audit report       cwe: [Array],
50 silly audit report       cvss: [Object]
50 silly audit report     }
50 silly audit report   ],
50 silly audit report   'brace-expansion': [
50 silly audit report     {
50 silly audit report       id: 1120311,
50 silly audit report       url: 'https://github.com/advisories/GHSA-jxxr-4gwj-5jf2',
50 silly audit report       title: 'brace-expansion: Large numeric range defeats documented `max` DoS protection',
50 silly audit report       severity: 'moderate',
50 silly audit report       vulnerable_versions: '>=5.0.0 <5.0.6',
50 silly audit report       cwe: [Array],
50 silly audit report       cvss: [Object]
50 silly audit report     },
50 silly audit report     {
50 silly audit report       id: 1115540,
50 silly audit report       url: 'https://github.com/advisories/GHSA-f886-m6hf-6m8v',
50 silly audit report       title: 'brace-expansion: Zero-step sequence causes process hang and memory exhaustion',
50 silly audit report       severity: 'moderate',
50 silly audit report       vulnerable_versions: '<1.1.13',
50 silly audit report       cwe: [Array],
50 silly audit report       cvss: [Object]
50 silly audit report     },
50 silly audit report     {
50 silly audit report       id: 1115543,
50 silly audit report       url: 'https://github.com/advisories/GHSA-f886-m6hf-6m8v',
50 silly audit report       title: 'brace-expansion: Zero-step sequence causes process hang and memory exhaustion',
50 silly audit report       severity: 'moderate',
50 silly audit report       vulnerable_versions: '>=4.0.0 <5.0.5',
50 silly audit report       cwe: [Array],
50 silly audit report       cvss: [Object]
50 silly audit report     }
50 silly audit report   ],
50 silly audit report   defu: [
50 silly audit report     {
50 silly audit report       id: 1116102,
50 silly audit report       url: 'https://github.com/advisories/GHSA-737v-mqg7-c878',
50 silly audit report       title: 'defu: Prototype pollution via `__proto__` key in defaults argument',
50 silly audit report       severity: 'high',
50 silly audit report       vulnerable_versions: '<=6.1.4',
50 silly audit report       cwe: [Array],
50 silly audit report       cvss: [Object]
50 silly audit report     }
50 silly audit report   ],
50 silly audit report   effect: [
50 silly audit report     {
50 silly audit report       id: 1115356,
50 silly audit report       url: 'https://github.com/advisories/GHSA-38f7-945m-qr2g',
50 silly audit report       title: 'Effect `AsyncLocalStorage` context lost/contaminated inside Effect fibers under concurrent load with RPC',
50 silly audit report       severity: 'high',
50 silly audit report       vulnerable_versions: '<3.20.0',
50 silly audit report       cwe: [Array],
50 silly audit report       cvss: [Object]
50 silly audit report     }
50 silly audit report   ],
50 silly audit report   'js-cookie': [
50 silly audit report     {
50 silly audit report       id: 1120607,
50 silly audit report       url: 'https://github.com/advisories/GHSA-qjx8-664m-686j',
50 silly audit report       title: 'JavaScript Cookie: Per-instance prototype hijack in assign() enables cookie-attribute injection',
50 silly audit report       severity: 'high',
50 silly audit report       vulnerable_versions: '<=3.0.5',
50 silly audit report       cwe: [Array],
50 silly audit report       cvss: [Object]
50 silly audit report     }
50 silly audit report   ],
50 silly audit report   next: [
50 silly audit report     {
50 silly audit report       id: 1117931,
50 silly audit report       url: 'https://github.com/advisories/GHSA-8h8q-6873-q5fj',
50 silly audit report       title: 'Next.js Vulnerable to Denial of Service with Server Components',
50 silly audit report       severity: 'high',
50 silly audit report       vulnerable_versions: '>=13.0.0 <15.5.16',
50 silly audit report       cwe: [Array],
50 silly audit report       cvss: [Object]
50 silly audit report     },
50 silly audit report     {
50 silly audit report       id: 1118939,
50 silly audit report       url: 'https://github.com/advisories/GHSA-26hh-7cqf-hhc6',
50 silly audit report       title: 'Next.js has a Middleware / Proxy bypass in App Router applications via segment-prefetch routes - Incomplete Fix Follow-Up',
50 silly audit report       severity: 'high',
50 silly audit report       vulnerable_versions: '>=15.2.0 <15.5.18',
50 silly audit report       cwe: [Array],
50 silly audit report       cvss: [Object]
50 silly audit report     },
50 silly audit report     {
50 silly audit report       id: 1118942,
50 silly audit report       url: 'https://github.com/advisories/GHSA-3g8h-86w9-wvmq',
50 silly audit report       title: "Next.js's Middleware / Proxy redirects can be cache-poisoned",
50 silly audit report       severity: 'low',
50 silly audit report       vulnerable_versions: '>=12.2.0 <15.5.16',
50 silly audit report       cwe: [Array],
50 silly audit report       cvss: [Object]
50 silly audit report     },
50 silly audit report     {
50 silly audit report       id: 1118944,
50 silly audit report       url: 'https://github.com/advisories/GHSA-ffhc-5mcf-pf4q',
50 silly audit report       title: 'Next.js vulnerable to cross-site scripting in App Router applications using CSP nonces',
50 silly audit report       severity: 'moderate',
50 silly audit report       vulnerable_versions: '>=13.4.0 <15.5.16',
50 silly audit report       cwe: [Array],
50 silly audit report       cvss: [Object]
50 silly audit report     },
50 silly audit report     {
50 silly audit report       id: 1118946,
50 silly audit report       url: 'https://github.com/advisories/GHSA-vfv6-92ff-j949',
50 silly audit report       title: 'Next.js vulnerable to cache poisoning via collisions in React Server Component cache-busting',
50 silly audit report       severity: 'low',
50 silly audit report       vulnerable_versions: '>=13.4.6 <15.5.16',
50 silly audit report       cwe: [Array],
50 silly audit report       cvss: [Object]
50 silly audit report     },
50 silly audit report     {
50 silly audit report       id: 1118948,
50 silly audit report       url: 'https://github.com/advisories/GHSA-gx5p-jg67-6x7h',
50 silly audit report       title: 'Next.js has cross-site scripting in beforeInteractive scripts with untrusted input',
50 silly audit report       severity: 'moderate',
50 silly audit report       vulnerable_versions: '>=13.0.0 <15.5.16',
50 silly audit report       cwe: [Array],
50 silly audit report       cvss: [Object]
50 silly audit report     },
50 silly audit report     {
50 silly audit report       id: 1118950,
50 silly audit report       url: 'https://github.com/advisories/GHSA-mg66-mrh9-m8jx',
50 silly audit report       title: 'Next.js vulnerable to Denial of Service via connection exhaustion in applications using Cache Components',
50 silly audit report       severity: 'high',
50 silly audit report       vulnerable_versions: '>=15.0.0 <15.5.16',
50 silly audit report       cwe: [Array],
50 silly audit report       cvss: [Object]
50 silly audit report     },
50 silly audit report     {
50 silly audit report       id: 1118952,
50 silly audit report       url: 'https://github.com/advisories/GHSA-h64f-5h5j-jqjh',
50 silly audit report       title: 'Next.js has a Denial of Service in the Image Optimization API',
50 silly audit report       severity: 'moderate',
50 silly audit report       vulnerable_versions: '>=10.0.0 <15.5.16',
50 silly audit report       cwe: [Array],
50 silly audit report       cvss: [Object]
50 silly audit report     },
50 silly audit report     {
50 silly audit report       id: 1118954,
50 silly audit report       url: 'https://github.com/advisories/GHSA-c4j6-fc7j-m34r',
50 silly audit report       title: 'Next.js vulnerable to server-side request forgery in applications using WebSocket upgrades',
50 silly audit report       severity: 'high',
50 silly audit report       vulnerable_versions: '>=13.4.13 <15.5.16',
50 silly audit report       cwe: [Array],
50 silly audit report       cvss: [Object]
50 silly audit report     },
50 silly audit report     {
50 silly audit report       id: 1118956,
50 silly audit report       url: 'https://github.com/advisories/GHSA-492v-c6pp-mqqv',
50 silly audit report       title: 'Next.js has a Middleware / Proxy bypass through dynamic route parameter injection',
50 silly audit report       severity: 'high',
50 silly audit report       vulnerable_versions: '>=15.4.0 <15.5.16',
50 silly audit report       cwe: [Array],
50 silly audit report       cvss: [Object]
50 silly audit report     },
50 silly audit report     {
50 silly audit report       id: 1118958,
50 silly audit report       url: 'https://github.com/advisories/GHSA-wfc6-r584-vfw7',
50 silly audit report       title: 'Next.js vulnerable to cache poisoning in React Server Component responses',
50 silly audit report       severity: 'moderate',
50 silly audit report       vulnerable_versions: '>=14.2.0 <15.5.16',
50 silly audit report       cwe: [Array],
50 silly audit report       cvss: [Object]
50 silly audit report     },
50 silly audit report     {
50 silly audit report       id: 1118960,
50 silly audit report       url: 'https://github.com/advisories/GHSA-267c-6grr-h53f',
50 silly audit report       title: 'Next.js has a Middleware / Proxy bypass in App Router applications via segment-prefetch routes',
50 silly audit report       severity: 'high',
50 silly audit report       vulnerable_versions: '>=15.2.0 <15.5.16',
50 silly audit report       cwe: [Array],
50 silly audit report       cvss: [Object]
50 silly audit report     },
50 silly audit report     {
50 silly audit report       id: 1118962,
50 silly audit report       url: 'https://github.com/advisories/GHSA-36qx-fr4f-26g5',
50 silly audit report       title: 'Next.js has a Middleware / Proxy bypass in Pages Router applications using i18n',
50 silly audit report       severity: 'high',
50 silly audit report       vulnerable_versions: '>=12.2.0 <15.5.16',
50 silly audit report       cwe: [Array],
50 silly audit report       cvss: [Object]
50 silly audit report     },
50 silly audit report     {
50 silly audit report       id: 1116376,
50 silly audit report       url: 'https://github.com/advisories/GHSA-q4gf-8mx6-v5v3',
50 silly audit report       title: 'Next.js has a Denial of Service with Server Components',
50 silly audit report       severity: 'high',
50 silly audit report       vulnerable_versions: '>=13.0.0 <15.5.15',
50 silly audit report       cwe: [Array],
50 silly audit report       cvss: [Object]
50 silly audit report     }
50 silly audit report   ],
50 silly audit report   postcss: [
50 silly audit report     {
50 silly audit report       id: 1117015,
50 silly audit report       url: 'https://github.com/advisories/GHSA-qx2v-qp2m-jg93',
50 silly audit report       title: 'PostCSS has XSS via Unescaped </style> in its CSS Stringify Output',
50 silly audit report       severity: 'moderate',
50 silly audit report       vulnerable_versions: '<8.5.10',
50 silly audit report       cwe: [Array],
50 silly audit report       cvss: [Object]
50 silly audit report     }
50 silly audit report   ],
50 silly audit report   picomatch: [
50 silly audit report     {
50 silly audit report       id: 1115549,
50 silly audit report       url: 'https://github.com/advisories/GHSA-3v7f-55p6-f55p',
50 silly audit report       title: 'Picomatch: Method Injection in POSIX Character Classes causes incorrect Glob Matching',
50 silly audit report       severity: 'moderate',
50 silly audit report       vulnerable_versions: '<2.3.2',
50 silly audit report       cwe: [Array],
50 silly audit report       cvss: [Object]
50 silly audit report     },
50 silly audit report     {
50 silly audit report       id: 1115551,
50 silly audit report       url: 'https://github.com/advisories/GHSA-3v7f-55p6-f55p',
50 silly audit report       title: 'Picomatch: Method Injection in POSIX Character Classes causes incorrect Glob Matching',
50 silly audit report       severity: 'moderate',
50 silly audit report       vulnerable_versions: '>=4.0.0 <4.0.4',
50 silly audit report       cwe: [Array],
50 silly audit report       cvss: [Object]
50 silly audit report     },
50 silly audit report     {
50 silly audit report       id: 1115552,
50 silly audit report       url: 'https://github.com/advisories/GHSA-c2c7-rcm5-vvqj',
50 silly audit report       title: 'Picomatch has a ReDoS vulnerability via extglob quantifiers',
50 silly audit report       severity: 'high',
50 silly audit report       vulnerable_versions: '<2.3.2',
50 silly audit report       cwe: [Array],
50 silly audit report       cvss: [Object]
50 silly audit report     },
50 silly audit report     {
50 silly audit report       id: 1115554,
50 silly audit report       url: 'https://github.com/advisories/GHSA-c2c7-rcm5-vvqj',
50 silly audit report       title: 'Picomatch has a ReDoS vulnerability via extglob quantifiers',
50 silly audit report       severity: 'high',
50 silly audit report       vulnerable_versions: '>=4.0.0 <4.0.4',
50 silly audit report       cwe: [Array],
50 silly audit report       cvss: [Object]
50 silly audit report     }
50 silly audit report   ],
50 silly audit report   uuid: [
50 silly audit report     {
50 silly audit report       id: 1119441,
50 silly audit report       url: 'https://github.com/advisories/GHSA-w5hq-g745-h8pq',
50 silly audit report       title: 'uuid: Missing buffer bounds check in v3/v5/v6 when buf is provided',
50 silly audit report       severity: 'moderate',
50 silly audit report       vulnerable_versions: '<11.1.1',
50 silly audit report       cwe: [Array],
50 silly audit report       cvss: [Object]
50 silly audit report     }
50 silly audit report   ],
50 silly audit report   yaml: [
50 silly audit report     {
50 silly audit report       id: 1115556,
50 silly audit report       url: 'https://github.com/advisories/GHSA-48c2-rrv3-qjmp',
50 silly audit report       title: 'yaml is vulnerable to Stack Overflow via deeply nested YAML collections',
50 silly audit report       severity: 'moderate',
50 silly audit report       vulnerable_versions: '>=2.0.0 <2.8.3',
50 silly audit report       cwe: [Array],
50 silly audit report       cvss: [Object]
50 silly audit report     }
50 silly audit report   ],
50 silly audit report   ws: [
50 silly audit report     {
50 silly audit report       id: 1119108,
50 silly audit report       url: 'https://github.com/advisories/GHSA-58qx-3vcg-4xpx',
50 silly audit report       title: 'ws: Uninitialized memory disclosure',
50 silly audit report       severity: 'moderate',
50 silly audit report       vulnerable_versions: '>=8.0.0 <8.20.1',
50 silly audit report       cwe: [Array],
50 silly audit report       cvss: [Object]
50 silly audit report     }
50 silly audit report   ]
50 silly audit report }
51 silly packumentCache corgi:https://registry.npmjs.org/@clerk%2fbackend cache-miss
52 silly packumentCache corgi:https://registry.npmjs.org/@clerk%2fshared cache-miss
53 silly packumentCache corgi:https://registry.npmjs.org/@clerk%2fnextjs cache-miss
54 silly packumentCache corgi:https://registry.npmjs.org/@clerk%2freact cache-miss
55 silly packumentCache corgi:https://registry.npmjs.org/brace-expansion cache-miss
56 silly packumentCache corgi:https://registry.npmjs.org/defu cache-miss
57 silly packumentCache corgi:https://registry.npmjs.org/effect cache-miss
58 silly packumentCache corgi:https://registry.npmjs.org/js-cookie cache-miss
59 silly packumentCache corgi:https://registry.npmjs.org/next cache-miss
60 silly packumentCache corgi:https://registry.npmjs.org/postcss cache-miss
61 silly packumentCache corgi:https://registry.npmjs.org/picomatch cache-miss
62 silly packumentCache corgi:https://registry.npmjs.org/uuid cache-miss
63 silly packumentCache corgi:https://registry.npmjs.org/yaml cache-miss
64 silly packumentCache corgi:https://registry.npmjs.org/ws cache-miss
65 http cache https://registry.npmjs.org/@clerk%2freact 191ms (cache hit)
66 silly packumentCache corgi:https://registry.npmjs.org/@clerk%2freact set size:1273683 disposed:false
67 http cache https://registry.npmjs.org/brace-expansion 207ms (cache hit)
68 silly packumentCache corgi:https://registry.npmjs.org/brace-expansion set size:24623 disposed:false
69 http cache https://registry.npmjs.org/effect 208ms (cache hit)
70 silly packumentCache corgi:https://registry.npmjs.org/effect set size:367794 disposed:false
71 http cache https://registry.npmjs.org/defu 217ms (cache hit)
72 silly packumentCache corgi:https://registry.npmjs.org/defu set size:48151 disposed:false
73 http cache https://registry.npmjs.org/@clerk%2fbackend 245ms (cache hit)
74 silly packumentCache corgi:https://registry.npmjs.org/@clerk%2fbackend set size:6317001 disposed:false
75 http cache https://registry.npmjs.org/@clerk%2fshared 471ms (cache hit)
76 silly packumentCache corgi:https://registry.npmjs.org/@clerk%2fshared set size:6410087 disposed:false
77 http cache https://registry.npmjs.org/@clerk%2fnextjs 855ms (cache hit)
78 silly packumentCache corgi:https://registry.npmjs.org/@clerk%2fnextjs set size:7766273 disposed:false
79 http cache https://registry.npmjs.org/uuid 1097ms (cache hit)
80 silly packumentCache corgi:https://registry.npmjs.org/uuid set size:81812 disposed:false
81 http cache https://registry.npmjs.org/postcss 1102ms (cache hit)
82 silly packumentCache corgi:https://registry.npmjs.org/postcss set size:344717 disposed:false
83 http cache https://registry.npmjs.org/js-cookie 1112ms (cache hit)
84 silly packumentCache corgi:https://registry.npmjs.org/js-cookie set size:53502 disposed:false
85 http cache https://registry.npmjs.org/next 1151ms (cache hit)
86 silly packumentCache corgi:https://registry.npmjs.org/next set size:25265918 disposed:false
87 http cache https://registry.npmjs.org/yaml 2029ms (cache hit)
88 silly packumentCache corgi:https://registry.npmjs.org/yaml set size:163878 disposed:false
89 http cache https://registry.npmjs.org/picomatch 2032ms (cache hit)
90 silly packumentCache corgi:https://registry.npmjs.org/picomatch set size:44414 disposed:false
91 http cache https://registry.npmjs.org/ws 2032ms (cache hit)
92 silly packumentCache corgi:https://registry.npmjs.org/ws set size:199711 disposed:false
93 silly packumentCache corgi:https://registry.npmjs.org/@clerk%2fthemes cache-miss
94 http cache https://registry.npmjs.org/@clerk%2fthemes 9ms (cache hit)
95 silly packumentCache corgi:https://registry.npmjs.org/@clerk%2fthemes set size:2984534 disposed:false
96 silly packumentCache corgi:https://registry.npmjs.org/minimatch cache-miss
97 http cache https://registry.npmjs.org/minimatch 18ms (cache hit)
98 silly packumentCache corgi:https://registry.npmjs.org/minimatch set size:168441 disposed:false
99 silly packumentCache corgi:https://registry.npmjs.org/c12 cache-miss
100 silly packumentCache corgi:https://registry.npmjs.org/giget cache-miss
101 silly packumentCache corgi:https://registry.npmjs.org/rc9 cache-miss
102 http cache https://registry.npmjs.org/rc9 8ms (cache hit)
103 silly packumentCache corgi:https://registry.npmjs.org/rc9 set size:35090 disposed:false
104 http cache https://registry.npmjs.org/c12 11ms (cache hit)
105 silly packumentCache corgi:https://registry.npmjs.org/c12 set size:91413 disposed:false
106 http cache https://registry.npmjs.org/giget 12ms (cache hit)
107 silly packumentCache corgi:https://registry.npmjs.org/giget set size:45077 disposed:false
108 silly packumentCache corgi:https://registry.npmjs.org/@prisma%2fconfig cache-miss
109 http cache https://registry.npmjs.org/@prisma%2fconfig 7ms (cache hit)
110 silly packumentCache corgi:https://registry.npmjs.org/@prisma%2fconfig set size:1437036 disposed:false
111 silly packumentCache corgi:https://registry.npmjs.org/autoprefixer cache-miss
112 silly packumentCache corgi:https://registry.npmjs.org/postcss-import cache-miss
113 silly packumentCache corgi:https://registry.npmjs.org/postcss-js cache-miss
114 silly packumentCache corgi:https://registry.npmjs.org/postcss-nested cache-miss
115 silly packumentCache corgi:https://registry.npmjs.org/tailwindcss cache-miss
116 silly packumentCache corgi:https://registry.npmjs.org/postcss-load-config cache-miss
117 http cache https://registry.npmjs.org/postcss-import 61ms (cache hit)
118 silly packumentCache corgi:https://registry.npmjs.org/postcss-import set size:52251 disposed:false
119 http cache https://registry.npmjs.org/postcss-js 63ms (cache hit)
120 silly packumentCache corgi:https://registry.npmjs.org/postcss-js set size:25314 disposed:false
121 http cache https://registry.npmjs.org/autoprefixer 65ms (cache hit)
122 silly packumentCache corgi:https://registry.npmjs.org/autoprefixer set size:298545 disposed:false
123 http cache https://registry.npmjs.org/postcss-nested 69ms (cache hit)
124 silly packumentCache corgi:https://registry.npmjs.org/postcss-nested set size:41645 disposed:false
125 http cache https://registry.npmjs.org/postcss-load-config 70ms (cache hit)
126 silly packumentCache corgi:https://registry.npmjs.org/postcss-load-config set size:37999 disposed:false
127 http cache https://registry.npmjs.org/tailwindcss 78ms (cache hit)
128 silly packumentCache corgi:https://registry.npmjs.org/tailwindcss set size:4733328 disposed:false
129 silly packumentCache corgi:https://registry.npmjs.org/anymatch cache-miss
130 silly packumentCache corgi:https://registry.npmjs.org/micromatch cache-miss
131 silly packumentCache corgi:https://registry.npmjs.org/readdirp cache-miss
132 http cache https://registry.npmjs.org/readdirp 6ms (cache hit)
133 silly packumentCache corgi:https://registry.npmjs.org/readdirp set size:47123 disposed:false
134 http cache https://registry.npmjs.org/micromatch 8ms (cache hit)
135 silly packumentCache corgi:https://registry.npmjs.org/micromatch set size:71776 disposed:false
136 http cache https://registry.npmjs.org/anymatch 11ms (cache hit)
137 silly packumentCache corgi:https://registry.npmjs.org/anymatch set size:18345 disposed:false
138 silly packumentCache corgi:https://registry.npmjs.org/tinyglobby cache-miss
139 silly packumentCache corgi:https://registry.npmjs.org/fdir cache-miss
140 http cache https://registry.npmjs.org/tinyglobby 6ms (cache hit)
141 silly packumentCache corgi:https://registry.npmjs.org/tinyglobby set size:19921 disposed:false
142 http cache https://registry.npmjs.org/fdir 6ms (cache hit)
143 silly packumentCache corgi:https://registry.npmjs.org/fdir set size:76905 disposed:false
144 silly packumentCache corgi:https://registry.npmjs.org/svix cache-miss
145 http cache https://registry.npmjs.org/svix 6ms (cache hit)
146 silly packumentCache corgi:https://registry.npmjs.org/svix set size:467790 disposed:false
147 silly packumentCache corgi:https://registry.npmjs.org/engine.io cache-miss
148 silly packumentCache corgi:https://registry.npmjs.org/engine.io-client cache-miss
149 silly packumentCache corgi:https://registry.npmjs.org/socket.io-adapter cache-miss
150 http cache https://registry.npmjs.org/socket.io-adapter 6ms (cache hit)
151 silly packumentCache corgi:https://registry.npmjs.org/socket.io-adapter set size:36435 disposed:false
152 http cache https://registry.npmjs.org/engine.io 8ms (cache hit)
153 silly packumentCache corgi:https://registry.npmjs.org/engine.io set size:170565 disposed:false
154 http cache https://registry.npmjs.org/engine.io-client 11ms (cache hit)
155 silly packumentCache corgi:https://registry.npmjs.org/engine.io-client set size:223757 disposed:false
156 silly packumentCache corgi:https://registry.npmjs.org/prisma cache-miss
157 http cache https://registry.npmjs.org/prisma 41ms (cache hit)
158 silly packumentCache corgi:https://registry.npmjs.org/prisma set size:22831936 disposed:false
159 silly packumentCache corgi:https://registry.npmjs.org/socket.io cache-miss
160 http cache https://registry.npmjs.org/socket.io 5ms (cache hit)
161 silly packumentCache corgi:https://registry.npmjs.org/socket.io set size:167232 disposed:false
162 silly packumentCache corgi:https://registry.npmjs.org/socket.io-client cache-miss
163 http cache https://registry.npmjs.org/socket.io-client 4ms (cache hit)
164 silly packumentCache corgi:https://registry.npmjs.org/socket.io-client set size:195399 disposed:false
165 silly packumentCache corgi:https://registry.npmjs.org/@prisma%2fclient cache-miss
166 http cache https://registry.npmjs.org/@prisma%2fclient 104ms (cache hit)
167 silly packumentCache corgi:https://registry.npmjs.org/@prisma%2fclient set size:37835019 disposed:false
168 silly CHANGE node_modules/ws
169 silly ADD node_modules/socket.io-adapter/node_modules/ws
170 silly ADD node_modules/engine.io-client/node_modules/ws
171 silly ADD node_modules/engine.io/node_modules/ws
172 verbose cwd C:\Users\Tony Olajide\Documents\Projects\pt-app
173 verbose os Windows_NT 10.0.26200
174 verbose node v24.14.0
175 verbose npm  v11.9.0
176 verbose exit 0
177 info ok
