0 verbose cli C:\Program Files\nodejs\node.exe C:\Program Files\nodejs\node_modules\npm\bin\npm-cli.js
1 info using npm@11.9.0
2 info using node@v24.14.0
3 silly config load:file:C:\Program Files\nodejs\node_modules\npm\npmrc
4 silly config load:file:C:\Users\Tony Olajide\Documents\Projects\pt-app\.npmrc
5 silly config load:file:C:\Users\Tony Olajide\.npmrc
6 silly config load:file:C:\Users\Tony Olajide\AppData\Roaming\npm\etc\npmrc
7 verbose title npm install @prisma/adapter-neon@6.19.2 @neondatabase/serverless@1.1.0
8 verbose argv "--cache" ".\\tmp\\npm-cache" "install" "@prisma/adapter-neon@6.19.2" "@neondatabase/serverless@1.1.0"
9 verbose logfile logs-max:10 dir:C:\Users\Tony Olajide\Documents\Projects\pt-app\tmp\npm-cache\_logs\2026-06-14T16_56_08_271Z-
10 verbose logfile C:\Users\Tony Olajide\Documents\Projects\pt-app\tmp\npm-cache\_logs\2026-06-14T16_56_08_271Z-debug-0.log
11 silly logfile done cleaning log files
12 silly packumentCache heap:4496293888 maxSize:1124073472 maxEntrySize:562036736
13 silly idealTree buildDeps
14 silly fetch manifest @prisma/adapter-neon@6.19.2
15 silly packumentCache full:https://registry.npmjs.org/@prisma%2fadapter-neon cache-miss
16 verbose shrinkwrap failed to load node_modules/.package-lock.json out of date, updated: node_modules
17 http cache https://registry.npmjs.org/@prisma%2fadapter-neon 24ms (cache hit)
18 silly packumentCache full:https://registry.npmjs.org/@prisma%2fadapter-neon set size:10078088 disposed:false
19 silly fetch manifest @neondatabase/serverless@1.1.0
20 silly packumentCache full:https://registry.npmjs.org/@neondatabase%2fserverless cache-miss
21 http cache https://registry.npmjs.org/@neondatabase%2fserverless 121ms (cache hit)
22 silly packumentCache full:https://registry.npmjs.org/@neondatabase%2fserverless set size:178582 disposed:false
23 silly placeDep ROOT @neondatabase/serverless@1.1.0 OK for: pt-app@0.1.0 want: 1.1.0
24 silly placeDep ROOT @prisma/adapter-neon@6.19.2 OK for: pt-app@0.1.0 want: 6.19.2
25 silly fetch manifest postgres-array@3.0.4
26 silly packumentCache full:https://registry.npmjs.org/postgres-array cache-miss
27 silly fetch manifest @prisma/driver-adapter-utils@6.19.2
28 silly packumentCache full:https://registry.npmjs.org/@prisma%2fdriver-adapter-utils cache-miss
29 http fetch GET 200 https://registry.npmjs.org/postgres-array 103ms (cache miss)
30 silly packumentCache full:https://registry.npmjs.org/postgres-array set size:undefined disposed:false
31 http fetch GET 200 https://registry.npmjs.org/@prisma%2fdriver-adapter-utils 796ms (cache miss)
32 silly packumentCache full:https://registry.npmjs.org/@prisma%2fdriver-adapter-utils set size:undefined disposed:false
33 silly placeDep ROOT @prisma/driver-adapter-utils@6.19.2 OK for: @prisma/adapter-neon@6.19.2 want: 6.19.2
34 silly placeDep ROOT postgres-array@3.0.4 OK for: @prisma/adapter-neon@6.19.2 want: 3.0.4
35 silly fetch manifest @prisma/debug@6.19.2
36 silly packumentCache full:https://registry.npmjs.org/@prisma%2fdebug cache-miss
37 http fetch GET 200 https://registry.npmjs.org/@prisma%2fdebug 938ms (cache miss)
38 silly packumentCache full:https://registry.npmjs.org/@prisma%2fdebug set size:undefined disposed:false
39 silly placeDep ROOT @prisma/debug@6.19.2 OK for: @prisma/driver-adapter-utils@6.19.2 want: 6.19.2
40 silly reify mark retired [
40 silly reify   'C:\\Users\\Tony Olajide\\Documents\\Projects\\pt-app\\node_modules\\@prisma\\engines\\node_modules\\@prisma\\debug'
40 silly reify ]
41 silly reify mark retired [
41 silly reify   'C:\\Users\\Tony Olajide\\Documents\\Projects\\pt-app\\node_modules\\@prisma\\fetch-engine\\node_modules\\@prisma\\debug'
41 silly reify ]
42 silly reify mark retired [
42 silly reify   'C:\\Users\\Tony Olajide\\Documents\\Projects\\pt-app\\node_modules\\@prisma\\get-platform\\node_modules\\@prisma\\debug'
42 silly reify ]
43 silly reify moves {
43 silly reify   'C:\\Users\\Tony Olajide\\Documents\\Projects\\pt-app\\node_modules\\@prisma\\engines\\node_modules\\@prisma\\debug': 'C:\\Users\\Tony Olajide\\Documents\\Projects\\pt-app\\node_modules\\@prisma\\engines\\node_modules\\@prisma\\.debug-rv9jLUW1',
43 silly reify   'C:\\Users\\Tony Olajide\\Documents\\Projects\\pt-app\\node_modules\\@prisma\\fetch-engine\\node_modules\\@prisma\\debug': 'C:\\Users\\Tony Olajide\\Documents\\Projects\\pt-app\\node_modules\\@prisma\\fetch-engine\\node_modules\\@prisma\\.debug-MSWEo10p',
43 silly reify   'C:\\Users\\Tony Olajide\\Documents\\Projects\\pt-app\\node_modules\\@prisma\\get-platform\\node_modules\\@prisma\\debug': 'C:\\Users\\Tony Olajide\\Documents\\Projects\\pt-app\\node_modules\\@prisma\\get-platform\\node_modules\\@prisma\\.debug-bOCP6wwE'
43 silly reify }
44 silly audit bulk request {
44 silly audit   '@alloc/quick-lru': [ '5.2.0' ],
44 silly audit   '@clerk/backend': [ '3.2.1' ],
44 silly audit   '@clerk/shared': [ '4.3.1', '3.47.2' ],
44 silly audit   '@clerk/nextjs': [ '7.0.5' ],
44 silly audit   '@clerk/react': [ '6.1.1' ],
44 silly audit   '@clerk/themes': [ '2.4.57' ],
44 silly audit   csstype: [ '3.1.3', '3.2.3' ],
44 silly audit   '@emnapi/core': [ '1.9.1' ],
44 silly audit   '@emnapi/runtime': [ '1.9.1' ],
44 silly audit   '@emnapi/wasi-threads': [ '1.2.0' ],
44 silly audit   '@eslint-community/eslint-utils': [ '4.9.1' ],
44 silly audit   'eslint-visitor-keys': [ '3.4.3', '5.0.1', '4.2.1' ],
44 silly audit   '@eslint-community/regexpp': [ '4.12.2' ],
44 silly audit   '@eslint/config-array': [ '0.21.2' ],
44 silly audit   '@eslint/config-helpers': [ '0.4.2' ],
44 silly audit   '@eslint/core': [ '0.17.0' ],
44 silly audit   '@eslint/eslintrc': [ '3.3.5' ],
44 silly audit   '@eslint/js': [ '9.39.4' ],
44 silly audit   '@eslint/object-schema': [ '2.1.7' ],
44 silly audit   '@eslint/plugin-kit': [ '0.4.1' ],
44 silly audit   '@floating-ui/core': [ '1.7.5' ],
44 silly audit   '@floating-ui/dom': [ '1.7.6' ],
44 silly audit   '@floating-ui/react-dom': [ '2.1.8' ],
44 silly audit   '@floating-ui/utils': [ '0.2.11' ],
44 silly audit   '@hookform/resolvers': [ '5.2.2' ],
44 silly audit   '@humanfs/core': [ '0.19.1' ],
44 silly audit   '@humanfs/node': [ '0.16.7' ],
44 silly audit   '@humanwhocodes/module-importer': [ '1.0.1' ],
44 silly audit   '@humanwhocodes/retry': [ '0.4.3' ],
44 silly audit   '@img/colour': [ '1.1.0' ],
44 silly audit   '@img/sharp-darwin-arm64': [ '0.34.5' ],
44 silly audit   '@img/sharp-darwin-x64': [ '0.34.5' ],
44 silly audit   '@img/sharp-libvips-darwin-arm64': [ '1.2.4' ],
44 silly audit   '@img/sharp-libvips-darwin-x64': [ '1.2.4' ],
44 silly audit   '@img/sharp-libvips-linux-arm': [ '1.2.4' ],
44 silly audit   '@img/sharp-libvips-linux-arm64': [ '1.2.4' ],
44 silly audit   '@img/sharp-libvips-linux-ppc64': [ '1.2.4' ],
44 silly audit   '@img/sharp-libvips-linux-riscv64': [ '1.2.4' ],
44 silly audit   '@img/sharp-libvips-linux-s390x': [ '1.2.4' ],
44 silly audit   '@img/sharp-libvips-linux-x64': [ '1.2.4' ],
44 silly audit   '@img/sharp-libvips-linuxmusl-arm64': [ '1.2.4' ],
44 silly audit   '@img/sharp-libvips-linuxmusl-x64': [ '1.2.4' ],
44 silly audit   '@img/sharp-linux-arm': [ '0.34.5' ],
44 silly audit   '@img/sharp-linux-arm64': [ '0.34.5' ],
44 silly audit   '@img/sharp-linux-ppc64': [ '0.34.5' ],
44 silly audit   '@img/sharp-linux-riscv64': [ '0.34.5' ],
44 silly audit   '@img/sharp-linux-s390x': [ '0.34.5' ],
44 silly audit   '@img/sharp-linux-x64': [ '0.34.5' ],
44 silly audit   '@img/sharp-linuxmusl-arm64': [ '0.34.5' ],
44 silly audit   '@img/sharp-linuxmusl-x64': [ '0.34.5' ],
44 silly audit   '@img/sharp-wasm32': [ '0.34.5' ],
44 silly audit   '@img/sharp-win32-arm64': [ '0.34.5' ],
44 silly audit   '@img/sharp-win32-ia32': [ '0.34.5' ],
44 silly audit   '@img/sharp-win32-x64': [ '0.34.5' ],
44 silly audit   '@jridgewell/gen-mapping': [ '0.3.13' ],
44 silly audit   '@jridgewell/resolve-uri': [ '3.1.2' ],
44 silly audit   '@jridgewell/sourcemap-codec': [ '1.5.5' ],
44 silly audit   '@jridgewell/trace-mapping': [ '0.3.31' ],
44 silly audit   '@napi-rs/wasm-runtime': [ '0.2.12' ],
44 silly audit   '@next/env': [ '15.5.14' ],
44 silly audit   '@next/eslint-plugin-next': [ '15.5.14' ],
44 silly audit   '@next/swc-darwin-arm64': [ '15.5.14' ],
44 silly audit   '@next/swc-darwin-x64': [ '15.5.14' ],
44 silly audit   '@next/swc-linux-arm64-gnu': [ '15.5.14' ],
44 silly audit   '@next/swc-linux-arm64-musl': [ '15.5.14' ],
44 silly audit   '@next/swc-linux-x64-gnu': [ '15.5.14' ],
44 silly audit   '@next/swc-linux-x64-musl': [ '15.5.14' ],
44 silly audit   '@next/swc-win32-arm64-msvc': [ '15.5.14' ],
44 silly audit   '@next/swc-win32-x64-msvc': [ '15.5.14' ],
44 silly audit   '@nodelib/fs.scandir': [ '2.1.5' ],
44 silly audit   '@nodelib/fs.stat': [ '2.0.5' ],
44 silly audit   '@nodelib/fs.walk': [ '1.2.8' ],
44 silly audit   '@nolyfill/is-core-module': [ '1.0.39' ],
44 silly audit   '@prisma/client': [ '6.19.2' ],
44 silly audit   '@prisma/config': [ '6.19.2' ],
44 silly audit   '@prisma/engines': [ '6.19.2' ],
44 silly audit   '@prisma/engines-version': [ '7.1.1-3.c2990dca591cba766e3b7ef5d9e8a84796e47ab7' ],
44 silly audit   '@prisma/debug': [ '6.19.2' ],
44 silly audit   '@prisma/fetch-engine': [ '6.19.2' ],
44 silly audit   '@prisma/get-platform': [ '6.19.2' ],
44 silly audit   '@radix-ui/number': [ '1.1.1' ],
44 silly audit   '@radix-ui/primitive': [ '1.1.3' ],
44 silly audit   '@radix-ui/react-arrow': [ '1.1.7' ],
44 silly audit   '@radix-ui/react-primitive': [ '2.1.3', '2.1.4' ],
44 silly audit   '@radix-ui/react-avatar': [ '1.1.11' ],
44 silly audit   '@radix-ui/react-collection': [ '1.1.7' ],
44 silly audit   '@radix-ui/react-context': [ '1.1.2', '1.1.3' ],
44 silly audit   '@radix-ui/react-compose-refs': [ '1.1.2' ],
44 silly audit   '@radix-ui/react-dialog': [ '1.1.15' ],
44 silly audit   '@radix-ui/react-direction': [ '1.1.1' ],
44 silly audit   '@radix-ui/react-dismissable-layer': [ '1.1.11' ],
44 silly audit   '@radix-ui/react-dropdown-menu': [ '2.1.16' ],
44 silly audit   '@radix-ui/react-focus-guards': [ '1.1.3' ],
44 silly audit   '@radix-ui/react-focus-scope': [ '1.1.7' ],
44 silly audit   '@radix-ui/react-id': [ '1.1.1' ],
44 silly audit   '@radix-ui/react-menu': [ '2.1.16' ],
44 silly audit   '@radix-ui/react-popper': [ '1.2.8' ],
44 silly audit   '@radix-ui/react-portal': [ '1.1.9' ],
44 silly audit   '@radix-ui/react-presence': [ '1.1.5' ],
44 silly audit   '@radix-ui/react-slot': [ '1.2.4', '1.2.3' ],
44 silly audit   '@radix-ui/react-progress': [ '1.1.8' ],
44 silly audit   '@radix-ui/react-roving-focus': [ '1.1.11' ],
44 silly audit   '@radix-ui/react-scroll-area': [ '1.2.10' ],
44 silly audit   '@radix-ui/react-select': [ '2.2.6' ],
44 silly audit   '@radix-ui/react-separator': [ '1.1.8' ],
44 silly audit   '@radix-ui/react-tabs': [ '1.1.13' ],
44 silly audit   '@radix-ui/react-tooltip': [ '1.2.8' ],
44 silly audit   '@radix-ui/react-use-callback-ref': [ '1.1.1' ],
44 silly audit   '@radix-ui/react-use-controllable-state': [ '1.2.2' ],
44 silly audit   '@radix-ui/react-use-effect-event': [ '0.0.2' ],
44 silly audit   '@radix-ui/react-use-escape-keydown': [ '1.1.1' ],
44 silly audit   '@radix-ui/react-use-is-hydrated': [ '0.1.0' ],
44 silly audit   '@radix-ui/react-use-layout-effect': [ '1.1.1' ],
44 silly audit   '@radix-ui/react-use-previous': [ '1.1.1' ],
44 silly audit   '@radix-ui/react-use-rect': [ '1.1.1' ],
44 silly audit   '@radix-ui/react-use-size': [ '1.1.1' ],
44 silly audit   '@radix-ui/react-visually-hidden': [ '1.2.3' ],
44 silly audit   '@radix-ui/rect': [ '1.1.1' ],
44 silly audit   '@reduxjs/toolkit': [ '2.11.2' ],
44 silly audit   immer: [ '11.1.4', '10.2.0' ],
44 silly audit   '@rtsao/scc': [ '1.1.0' ],
44 silly audit   '@rushstack/eslint-patch': [ '1.16.1' ],
44 silly audit   '@socket.io/component-emitter': [ '3.1.2' ],
44 silly audit   '@stablelib/base64': [ '1.0.1' ],
44 silly audit   '@standard-schema/spec': [ '1.1.0' ],
44 silly audit   '@standard-schema/utils': [ '0.3.0' ],
44 silly audit   '@swc/helpers': [ '0.5.15' ],
44 silly audit   '@tanstack/query-core': [ '5.90.16' ],
44 silly audit   '@tybys/wasm-util': [ '0.10.1' ],
44 silly audit   '@types/cors': [ '2.8.19' ],
44 silly audit   '@types/d3-array': [ '3.2.2' ],
44 silly audit   '@types/d3-color': [ '3.1.3' ],
44 silly audit   '@types/d3-ease': [ '3.0.2' ],
44 silly audit   '@types/d3-interpolate': [ '3.0.4' ],
44 silly audit   '@types/d3-path': [ '3.1.1' ],
44 silly audit   '@types/d3-scale': [ '4.0.9' ],
44 silly audit   '@types/d3-shape': [ '3.1.8' ],
44 silly audit   '@types/d3-time': [ '3.0.4' ],
44 silly audit   '@types/d3-timer': [ '3.0.2' ],
44 silly audit   '@types/estree': [ '1.0.8' ],
44 silly audit   '@types/json-schema': [ '7.0.15' ],
44 silly audit   '@types/json5': [ '0.0.29' ],
44 silly audit   '@types/node': [ '20.19.37' ],
44 silly audit   '@types/react': [ '19.2.14' ],
44 silly audit   '@types/react-dom': [ '19.2.3' ],
44 silly audit   '@types/use-sync-external-store': [ '0.0.6' ],
44 silly audit   '@types/ws': [ '8.18.1' ],
44 silly audit   '@typescript-eslint/eslint-plugin': [ '8.57.1' ],
44 silly audit   ignore: [ '7.0.5', '5.3.2' ],
44 silly audit   '@typescript-eslint/parser': [ '8.57.1' ],
44 silly audit   '@typescript-eslint/project-service': [ '8.57.1' ],
44 silly audit   '@typescript-eslint/scope-manager': [ '8.57.1' ],
44 silly audit   '@typescript-eslint/tsconfig-utils': [ '8.57.1' ],
44 silly audit   '@typescript-eslint/type-utils': [ '8.57.1' ],
44 silly audit   '@typescript-eslint/types': [ '8.57.1' ],
44 silly audit   '@typescript-eslint/typescript-estree': [ '8.57.1' ],
44 silly audit   'balanced-match': [ '4.0.4', '1.0.2' ],
44 silly audit   'brace-expansion': [ '5.0.4', '1.1.12' ],
44 silly audit   minimatch: [ '10.2.4', '3.1.5' ],
44 silly audit   semver: [ '7.7.4', '6.3.1' ],
44 silly audit   '@typescript-eslint/utils': [ '8.57.1' ],
44 silly audit   '@typescript-eslint/visitor-keys': [ '8.57.1' ],
44 silly audit   '@unrs/resolver-binding-android-arm-eabi': [ '1.11.1' ],
44 silly audit   '@unrs/resolver-binding-android-arm64': [ '1.11.1' ],
44 silly audit   '@unrs/resolver-binding-darwin-arm64': [ '1.11.1' ],
44 silly audit   '@unrs/resolver-binding-darwin-x64': [ '1.11.1' ],
44 silly audit   '@unrs/resolver-binding-freebsd-x64': [ '1.11.1' ],
44 silly audit   '@unrs/resolver-binding-linux-arm-gnueabihf': [ '1.11.1' ],
44 silly audit   '@unrs/resolver-binding-linux-arm-musleabihf': [ '1.11.1' ],
44 silly audit   '@unrs/resolver-binding-linux-arm64-gnu': [ '1.11.1' ],
44 silly audit   '@unrs/resolver-binding-linux-arm64-musl': [ '1.11.1' ],
44 silly audit   '@unrs/resolver-binding-linux-ppc64-gnu': [ '1.11.1' ],
44 silly audit   '@unrs/resolver-binding-linux-riscv64-gnu': [ '1.11.1' ],
44 silly audit   '@unrs/resolver-binding-linux-riscv64-musl': [ '1.11.1' ],
44 silly audit   '@unrs/resolver-binding-linux-s390x-gnu': [ '1.11.1' ],
44 silly audit   '@unrs/resolver-binding-linux-x64-gnu': [ '1.11.1' ],
44 silly audit   '@unrs/resolver-binding-linux-x64-musl': [ '1.11.1' ],
44 silly audit   '@unrs/resolver-binding-wasm32-wasi': [ '1.11.1' ],
44 silly audit   '@unrs/resolver-binding-win32-arm64-msvc': [ '1.11.1' ],
44 silly audit   '@unrs/resolver-binding-win32-ia32-msvc': [ '1.11.1' ],
44 silly audit   '@unrs/resolver-binding-win32-x64-msvc': [ '1.11.1' ],
44 silly audit   accepts: [ '1.3.8' ],
44 silly audit   acorn: [ '8.16.0' ],
44 silly audit   'acorn-jsx': [ '5.3.2' ],
44 silly audit   ajv: [ '6.14.0' ],
44 silly audit   'ansi-styles': [ '4.3.0' ],
44 silly audit   'any-promise': [ '1.3.0' ],
44 silly audit   anymatch: [ '3.1.3' ],
44 silly audit   arg: [ '5.0.2' ],
44 silly audit   argparse: [ '2.0.1' ],
44 silly audit   'aria-hidden': [ '1.2.6' ],
44 silly audit   'aria-query': [ '5.3.2' ],
44 silly audit   'array-buffer-byte-length': [ '1.0.2' ],
44 silly audit   'array-includes': [ '3.1.9' ],
44 silly audit   'array.prototype.findlast': [ '1.2.5' ],
44 silly audit   'array.prototype.findlastindex': [ '1.2.6' ],
44 silly audit   'array.prototype.flat': [ '1.3.3' ],
44 silly audit   'array.prototype.flatmap': [ '1.3.3' ],
44 silly audit   'array.prototype.tosorted': [ '1.1.4' ],
44 silly audit   'arraybuffer.prototype.slice': [ '1.0.4' ],
44 silly audit   'ast-types-flow': [ '0.0.8' ],
44 silly audit   'async-function': [ '1.0.0' ],
44 silly audit   autoprefixer: [ '10.4.27' ],
44 silly audit   'available-typed-arrays': [ '1.0.7' ],
44 silly audit   'axe-core': [ '4.11.1' ],
44 silly audit   'axobject-query': [ '4.1.0' ],
44 silly audit   base64id: [ '2.0.0' ],
44 silly audit   'baseline-browser-mapping': [ '2.10.9' ],
44 silly audit   'binary-extensions': [ '2.3.0' ],
44 silly audit   braces: [ '3.0.3' ],
44 silly audit   browserslist: [ '4.28.1' ],
44 silly audit   c12: [ '3.1.0' ],
44 silly audit   'call-bind': [ '1.0.8' ],
44 silly audit   'call-bind-apply-helpers': [ '1.0.2' ],
44 silly audit   'call-bound': [ '1.0.4' ],
44 silly audit   callsites: [ '3.1.0' ],
44 silly audit   'camelcase-css': [ '2.0.1' ],
44 silly audit   'caniuse-lite': [ '1.0.30001780' ],
44 silly audit   chalk: [ '4.1.2' ],
44 silly audit   chokidar: [ '4.0.3', '3.6.0' ],
44 silly audit   citty: [ '0.1.6', '0.2.1' ],
44 silly audit   'client-only': [ '0.0.1' ],
44 silly audit   clsx: [ '2.1.1' ],
44 silly audit   'color-convert': [ '2.0.1' ],
44 silly audit   'color-name': [ '1.1.4' ],
44 silly audit   commander: [ '4.1.1' ],
44 silly audit   'concat-map': [ '0.0.1' ],
44 silly audit   confbox: [ '0.2.4' ],
44 silly audit   consola: [ '3.4.2' ],
44 silly audit   cookie: [ '0.7.2' ],
44 silly audit   cors: [ '2.8.6' ],
44 silly audit   'cross-spawn': [ '7.0.6' ],
44 silly audit   cssesc: [ '3.0.0' ],
44 silly audit   'd3-array': [ '3.2.4' ],
44 silly audit   'd3-color': [ '3.1.0' ],
44 silly audit   'd3-ease': [ '3.0.1' ],
44 silly audit   'd3-format': [ '3.1.2' ],
44 silly audit   'd3-interpolate': [ '3.0.1' ],
44 silly audit   'd3-path': [ '3.1.0' ],
44 silly audit   'd3-scale': [ '4.0.2' ],
44 silly audit   'd3-shape': [ '3.2.0' ],
44 silly audit   'd3-time': [ '3.1.0' ],
44 silly audit   'd3-time-format': [ '4.1.0' ],
44 silly audit   'd3-timer': [ '3.0.1' ],
44 silly audit   'damerau-levenshtein': [ '1.0.8' ],
44 silly audit   'data-view-buffer': [ '1.0.2' ],
44 silly audit   'data-view-byte-length': [ '1.0.2' ],
44 silly audit   'data-view-byte-offset': [ '1.0.1' ],
44 silly audit   'date-fns': [ '4.1.0' ],
44 silly audit   debug: [ '4.4.3', '3.2.7' ],
44 silly audit   'decimal.js-light': [ '2.5.1' ],
44 silly audit   'deep-is': [ '0.1.4' ],
44 silly audit   'deepmerge-ts': [ '7.1.5' ],
44 silly audit   'define-data-property': [ '1.1.4' ],
44 silly audit   'define-properties': [ '1.2.1' ],
44 silly audit   defu: [ '6.1.4' ],
44 silly audit   dequal: [ '2.0.3' ],
44 silly audit   destr: [ '2.0.5' ],
44 silly audit   'detect-libc': [ '2.1.2' ],
44 silly audit   'detect-node-es': [ '1.1.0' ],
44 silly audit   didyoumean: [ '1.2.2' ],
44 silly audit   dlv: [ '1.1.3' ],
44 silly audit   doctrine: [ '2.1.0' ],
44 silly audit   dotenv: [ '16.6.1' ],
44 silly audit   'dunder-proto': [ '1.0.1' ],
44 silly audit   effect: [ '3.18.4' ],
44 silly audit   'electron-to-chromium': [ '1.5.321' ],
44 silly audit   'emoji-regex': [ '9.2.2' ],
44 silly audit   empathic: [ '2.0.0' ],
44 silly audit   'engine.io': [ '6.6.6' ],
44 silly audit   'engine.io-client': [ '6.6.4' ],
44 silly audit   'engine.io-parser': [ '5.2.3' ],
44 silly audit   'es-abstract': [ '1.24.1' ],
44 silly audit   'es-define-property': [ '1.0.1' ],
44 silly audit   'es-errors': [ '1.3.0' ],
44 silly audit   'es-iterator-helpers': [ '1.3.1' ],
44 silly audit   'es-object-atoms': [ '1.1.1' ],
44 silly audit   'es-set-tostringtag': [ '2.1.0' ],
44 silly audit   'es-shim-unscopables': [ '1.1.0' ],
44 silly audit   'es-to-primitive': [ '1.3.0' ],
44 silly audit   'es-toolkit': [ '1.45.1' ],
44 silly audit   escalade: [ '3.2.0' ],
44 silly audit   'escape-string-regexp': [ '4.0.0' ],
44 silly audit   eslint: [ '9.39.4' ],
44 silly audit   'eslint-config-next': [ '15.5.14' ],
44 silly audit   'eslint-import-resolver-node': [ '0.3.9' ],
44 silly audit   'eslint-import-resolver-typescript': [ '3.10.1' ],
44 silly audit   'eslint-module-utils': [ '2.12.1' ],
44 silly audit   'eslint-plugin-import': [ '2.32.0' ],
44 silly audit   'eslint-plugin-jsx-a11y': [ '6.10.2' ],
44 silly audit   'eslint-plugin-react': [ '7.37.5' ],
44 silly audit   'eslint-plugin-react-hooks': [ '5.2.0' ],
44 silly audit   resolve: [ '2.0.0-next.6', '1.22.11' ],
44 silly audit   'eslint-scope': [ '8.4.0' ],
44 silly audit   espree: [ '10.4.0' ],
44 silly audit   esquery: [ '1.7.0' ],
44 silly audit   esrecurse: [ '4.3.0' ],
44 silly audit   estraverse: [ '5.3.0' ],
44 silly audit   esutils: [ '2.0.3' ],
44 silly audit   eventemitter3: [ '5.0.4' ],
44 silly audit   exsolve: [ '1.0.8' ],
44 silly audit   'fast-check': [ '3.23.2' ],
44 silly audit   'fast-deep-equal': [ '3.1.3' ],
44 silly audit   'fast-glob': [ '3.3.1', '3.3.3' ],
44 silly audit   'glob-parent': [ '5.1.2', '6.0.2' ],
44 silly audit   'fast-json-stable-stringify': [ '2.1.0' ],
44 silly audit   'fast-levenshtein': [ '2.0.6' ],
44 silly audit   'fast-sha256': [ '1.3.0' ],
44 silly audit   fastq: [ '1.20.1' ],
44 silly audit   'file-entry-cache': [ '8.0.0' ],
44 silly audit   'fill-range': [ '7.1.1' ],
44 silly audit   'find-up': [ '5.0.0' ],
44 silly audit   'flat-cache': [ '4.0.1' ],
44 silly audit   flatted: [ '3.4.2' ],
44 silly audit   'for-each': [ '0.3.5' ],
44 silly audit   'fraction.js': [ '5.3.4' ],
44 silly audit   fsevents: [ '2.3.3' ],
44 silly audit   'function-bind': [ '1.1.2' ],
44 silly audit   'function.prototype.name': [ '1.1.8' ],
44 silly audit   'functions-have-names': [ '1.2.3' ],
44 silly audit   'generator-function': [ '2.0.1' ],
44 silly audit   'get-intrinsic': [ '1.3.0' ],
44 silly audit   'get-nonce': [ '1.0.1' ],
44 silly audit   'get-proto': [ '1.0.1' ],
44 silly audit   'get-symbol-description': [ '1.1.0' ],
44 silly audit   'get-tsconfig': [ '4.13.6' ],
44 silly audit   giget: [ '2.0.0' ],
44 silly audit   'glob-to-regexp': [ '0.4.1' ],
44 silly audit   globals: [ '14.0.0' ],
44 silly audit   globalthis: [ '1.0.4' ],
44 silly audit   gopd: [ '1.2.0' ],
44 silly audit   'has-bigints': [ '1.1.0' ],
44 silly audit   'has-flag': [ '4.0.0' ],
44 silly audit   'has-property-descriptors': [ '1.0.2' ],
44 silly audit   'has-proto': [ '1.2.0' ],
44 silly audit   'has-symbols': [ '1.1.0' ],
44 silly audit   'has-tostringtag': [ '1.0.2' ],
44 silly audit   hasown: [ '2.0.2' ],
44 silly audit   'import-fresh': [ '3.3.1' ],
44 silly audit   imurmurhash: [ '0.1.4' ],
44 silly audit   'internal-slot': [ '1.1.0' ],
44 silly audit   internmap: [ '2.0.3' ],
44 silly audit   'is-array-buffer': [ '3.0.5' ],
44 silly audit   'is-async-function': [ '2.1.1' ],
44 silly audit   'is-bigint': [ '1.1.0' ],
44 silly audit   'is-binary-path': [ '2.1.0' ],
44 silly audit   'is-boolean-object': [ '1.2.2' ],
44 silly audit   'is-bun-module': [ '2.0.0' ],
44 silly audit   'is-callable': [ '1.2.7' ],
44 silly audit   'is-core-module': [ '2.16.1' ],
44 silly audit   'is-data-view': [ '1.0.2' ],
44 silly audit   'is-date-object': [ '1.1.0' ],
44 silly audit   'is-extglob': [ '2.1.1' ],
44 silly audit   'is-finalizationregistry': [ '1.1.1' ],
44 silly audit   'is-generator-function': [ '1.1.2' ],
44 silly audit   'is-glob': [ '4.0.3' ],
44 silly audit   'is-map': [ '2.0.3' ],
44 silly audit   'is-negative-zero': [ '2.0.3' ],
44 silly audit   'is-number': [ '7.0.0' ],
44 silly audit   'is-number-object': [ '1.1.1' ],
44 silly audit   'is-regex': [ '1.2.1' ],
44 silly audit   'is-set': [ '2.0.3' ],
44 silly audit   'is-shared-array-buffer': [ '1.0.4' ],
44 silly audit   'is-string': [ '1.1.1' ],
44 silly audit   'is-symbol': [ '1.1.1' ],
44 silly audit   'is-typed-array': [ '1.1.15' ],
44 silly audit   'is-weakmap': [ '2.0.2' ],
44 silly audit   'is-weakref': [ '1.1.1' ],
44 silly audit   'is-weakset': [ '2.0.4' ],
44 silly audit   isarray: [ '2.0.5' ],
44 silly audit   isexe: [ '2.0.0' ],
44 silly audit   'iterator.prototype': [ '1.1.5' ],
44 silly audit   jiti: [ '2.6.1', '1.21.7' ],
44 silly audit   'js-cookie': [ '3.0.5' ],
44 silly audit   'js-tokens': [ '4.0.0' ],
44 silly audit   'js-yaml': [ '4.1.1' ],
44 silly audit   'json-buffer': [ '3.0.1' ],
44 silly audit   'json-schema-traverse': [ '0.4.1' ],
44 silly audit   'json-stable-stringify-without-jsonify': [ '1.0.1' ],
44 silly audit   'jsx-ast-utils': [ '3.3.5' ],
44 silly audit   keyv: [ '4.5.4' ],
44 silly audit   'language-subtag-registry': [ '0.3.23' ],
44 silly audit   'language-tags': [ '1.0.9' ],
44 silly audit   levn: [ '0.4.1' ],
44 silly audit   lilconfig: [ '3.1.3' ],
44 silly audit   'lines-and-columns': [ '1.2.4' ],
44 silly audit   'locate-path': [ '6.0.0' ],
44 silly audit   'lodash.merge': [ '4.6.2' ],
44 silly audit   'loose-envify': [ '1.4.0' ],
44 silly audit   'lucide-react': [ '0.577.0' ],
44 silly audit   'math-intrinsics': [ '1.1.0' ],
44 silly audit   merge2: [ '1.4.1' ],
44 silly audit   micromatch: [ '4.0.8' ],
44 silly audit   'mime-db': [ '1.52.0' ],
44 silly audit   'mime-types': [ '2.1.35' ],
44 silly audit   minimist: [ '1.2.8' ],
44 silly audit   ms: [ '2.1.3' ],
44 silly audit   mz: [ '2.7.0' ],
44 silly audit   nanoid: [ '5.1.7', '3.3.11' ],
44 silly audit   'napi-postinstall': [ '0.3.4' ],
44 silly audit   'natural-compare': [ '1.4.0' ],
44 silly audit   negotiator: [ '0.6.3' ],
44 silly audit   next: [ '15.5.14' ],
44 silly audit   'next-themes': [ '0.4.6' ],
44 silly audit   postcss: [ '8.4.31', '8.5.8' ],
44 silly audit   'node-exports-info': [ '1.6.0' ],
44 silly audit   'node-fetch-native': [ '1.6.7' ],
44 silly audit   'node-releases': [ '2.0.36' ],
44 silly audit   'normalize-path': [ '3.0.0' ],
44 silly audit   nypm: [ '0.6.5' ],
44 silly audit   'object-assign': [ '4.1.1' ],
44 silly audit   'object-hash': [ '3.0.0' ],
44 silly audit   'object-inspect': [ '1.13.4' ],
44 silly audit   'object-keys': [ '1.1.1' ],
44 silly audit   'object.assign': [ '4.1.7' ],
44 silly audit   'object.entries': [ '1.1.9' ],
44 silly audit   'object.fromentries': [ '2.0.8' ],
44 silly audit   'object.groupby': [ '1.0.3' ],
44 silly audit   'object.values': [ '1.2.1' ],
44 silly audit   ohash: [ '2.0.11' ],
44 silly audit   optionator: [ '0.9.4' ],
44 silly audit   'own-keys': [ '1.0.1' ],
44 silly audit   'p-limit': [ '3.1.0' ],
44 silly audit   'p-locate': [ '5.0.0' ],
44 silly audit   'parent-module': [ '1.0.1' ],
44 silly audit   'path-exists': [ '4.0.0' ],
44 silly audit   'path-key': [ '3.1.1' ],
44 silly audit   'path-parse': [ '1.0.7' ],
44 silly audit   pathe: [ '2.0.3' ],
44 silly audit   'perfect-debounce': [ '1.0.0' ],
44 silly audit   picocolors: [ '1.1.1' ],
44 silly audit   picomatch: [ '2.3.1', '4.0.3' ],
44 silly audit   pify: [ '2.3.0' ],
44 silly audit   pirates: [ '4.0.7' ],
44 silly audit   'pkg-types': [ '2.3.0' ],
44 silly audit   'possible-typed-array-names': [ '1.1.0' ],
44 silly audit   'postcss-import': [ '15.1.0' ],
44 silly audit   'postcss-js': [ '4.1.0' ],
44 silly audit   'postcss-nested': [ '6.2.0' ],
44 silly audit   'postcss-selector-parser': [ '6.1.2' ],
44 silly audit   'postcss-value-parser': [ '4.2.0' ],
44 silly audit   'prelude-ls': [ '1.2.1' ],
44 silly audit   prisma: [ '6.19.2' ],
44 silly audit   'prop-types': [ '15.8.1' ],
44 silly audit   punycode: [ '2.3.1' ],
44 silly audit   'pure-rand': [ '6.1.0' ],
44 silly audit   'queue-microtask': [ '1.2.3' ],
44 silly audit   rc9: [ '2.1.2' ],
44 silly audit   react: [ '19.2.4' ],
44 silly audit   'react-dom': [ '19.2.4' ],
44 silly audit   'react-hook-form': [ '7.71.2' ],
44 silly audit   'react-is': [ '16.13.1' ],
44 silly audit   'react-redux': [ '9.2.0' ],
44 silly audit   'react-remove-scroll': [ '2.7.2' ],
44 silly audit   'react-remove-scroll-bar': [ '2.3.8' ],
44 silly audit   'react-style-singleton': [ '2.2.3' ],
44 silly audit   'read-cache': [ '1.0.0' ],
44 silly audit   readdirp: [ '4.1.2', '3.6.0' ],
44 silly audit   recharts: [ '3.8.0' ],
44 silly audit   redux: [ '5.0.1' ],
44 silly audit   'redux-thunk': [ '3.1.0' ],
44 silly audit   'reflect.getprototypeof': [ '1.0.10' ],
44 silly audit   'regexp.prototype.flags': [ '1.5.4' ],
44 silly audit   reselect: [ '5.1.1' ],
44 silly audit   'resolve-from': [ '4.0.0' ],
44 silly audit   'resolve-pkg-maps': [ '1.0.0' ],
44 silly audit   reusify: [ '1.1.0' ],
44 silly audit   'run-parallel': [ '1.2.0' ],
44 silly audit   'safe-array-concat': [ '1.1.3' ],
44 silly audit   'safe-push-apply': [ '1.0.0' ],
44 silly audit   'safe-regex-test': [ '1.1.0' ],
44 silly audit   scheduler: [ '0.27.0' ],
44 silly audit   'server-only': [ '0.0.1' ],
44 silly audit   'set-function-length': [ '1.2.2' ],
44 silly audit   'set-function-name': [ '2.0.2' ],
44 silly audit   'set-proto': [ '1.0.0' ],
44 silly audit   sharp: [ '0.34.5' ],
44 silly audit   'shebang-command': [ '2.0.0' ],
44 silly audit   'shebang-regex': [ '3.0.0' ],
44 silly audit   'side-channel': [ '1.1.0' ],
44 silly audit   'side-channel-list': [ '1.0.0' ],
44 silly audit   'side-channel-map': [ '1.0.1' ],
44 silly audit   'side-channel-weakmap': [ '1.0.2' ],
44 silly audit   'socket.io': [ '4.8.3' ],
44 silly audit   'socket.io-adapter': [ '2.5.6' ],
44 silly audit   'socket.io-client': [ '4.8.3' ],
44 silly audit   'socket.io-parser': [ '4.2.6' ],
44 silly audit   'source-map-js': [ '1.2.1' ],
44 silly audit   'stable-hash': [ '0.0.5' ],
44 silly audit   standardwebhooks: [ '1.0.0' ],
44 silly audit   'std-env': [ '3.10.0' ],
44 silly audit   'stop-iteration-iterator': [ '1.1.0' ],
44 silly audit   'string.prototype.includes': [ '2.0.1' ],
44 silly audit   'string.prototype.matchall': [ '4.0.12' ],
44 silly audit   'string.prototype.repeat': [ '1.0.0' ],
44 silly audit   'string.prototype.trim': [ '1.2.10' ],
44 silly audit   'string.prototype.trimend': [ '1.0.9' ],
44 silly audit   'string.prototype.trimstart': [ '1.0.8' ],
44 silly audit   'strip-bom': [ '3.0.0' ],
44 silly audit   'strip-json-comments': [ '3.1.1' ],
44 silly audit   'styled-jsx': [ '5.1.6' ],
44 silly audit   sucrase: [ '3.35.1' ],
44 silly audit   'supports-color': [ '7.2.0' ],
44 silly audit   'supports-preserve-symlinks-flag': [ '1.0.0' ],
44 silly audit   svix: [ '1.89.0' ],
44 silly audit   swr: [ '2.3.4' ],
44 silly audit   'tailwind-merge': [ '3.5.0' ],
44 silly audit   tailwindcss: [ '3.4.17' ],
44 silly audit   'postcss-load-config': [ '4.0.2' ],
44 silly audit   thenify: [ '3.3.1' ],
44 silly audit   'thenify-all': [ '1.6.0' ],
44 silly audit   'tiny-invariant': [ '1.3.3' ],
44 silly audit   tinyexec: [ '1.0.4' ],
44 silly audit   tinyglobby: [ '0.2.15' ],
44 silly audit   fdir: [ '6.5.0' ],
44 silly audit   'to-regex-range': [ '5.0.1' ],
44 silly audit   'ts-api-utils': [ '2.5.0' ],
44 silly audit   'ts-interface-checker': [ '0.1.13' ],
44 silly audit   'tsconfig-paths': [ '3.15.0' ],
44 silly audit   json5: [ '1.0.2' ],
44 silly audit   tslib: [ '2.8.1' ],
44 silly audit   'type-check': [ '0.4.0' ],
44 silly audit   'typed-array-buffer': [ '1.0.3' ],
44 silly audit   'typed-array-byte-length': [ '1.0.3' ],
44 silly audit   'typed-array-byte-offset': [ '1.0.4' ],
44 silly audit   'typed-array-length': [ '1.0.7' ],
44 silly audit   typescript: [ '5.9.3' ],
44 silly audit   'unbox-primitive': [ '1.1.0' ],
44 silly audit   'undici-types': [ '6.21.0' ],
44 silly audit   'unrs-resolver': [ '1.11.1' ],
44 silly audit   'update-browserslist-db': [ '1.2.3' ],
44 silly audit   'uri-js': [ '4.4.1' ],
44 silly audit   'use-callback-ref': [ '1.3.3' ],
44 silly audit   'use-sidecar': [ '1.1.3' ],
44 silly audit   'use-sync-external-store': [ '1.6.0' ],
44 silly audit   'util-deprecate': [ '1.0.2' ],
44 silly audit   uuid: [ '10.0.0' ],
44 silly audit   vary: [ '1.1.2' ],
44 silly audit   'victory-vendor': [ '37.3.6' ],
44 silly audit   which: [ '2.0.2' ],
44 silly audit   'which-boxed-primitive': [ '1.1.1' ],
44 silly audit   'which-builtin-type': [ '1.2.1' ],
44 silly audit   'which-collection': [ '1.0.2' ],
44 silly audit   'which-typed-array': [ '1.1.20' ],
44 silly audit   'word-wrap': [ '1.2.5' ],
44 silly audit   ws: [ '8.18.3' ],
44 silly audit   'xmlhttprequest-ssl': [ '2.1.2' ],
44 silly audit   yaml: [ '2.8.2' ],
44 silly audit   'yocto-queue': [ '0.1.0' ],
44 silly audit   zod: [ '4.3.6' ],
44 silly audit   zustand: [ '5.0.12' ],
44 silly audit   '@neondatabase/serverless': [ '1.1.0' ],
44 silly audit   '@prisma/adapter-neon': [ '6.19.2' ],
44 silly audit   '@prisma/driver-adapter-utils': [ '6.19.2' ],
44 silly audit   'postgres-array': [ '3.0.4' ]
44 silly audit }
45 http cache postgres-array@https://registry.npmjs.org/postgres-array/-/postgres-array-3.0.4.tgz 0ms (cache hit)
46 http cache @prisma/debug@https://registry.npmjs.org/@prisma/debug/-/debug-6.19.2.tgz 0ms (cache hit)
47 silly tarball no local data for postgres-array@https://registry.npmjs.org/postgres-array/-/postgres-array-3.0.4.tgz. Extracting by manifest.
48 http cache @neondatabase/serverless@https://registry.npmjs.org/@neondatabase/serverless/-/serverless-1.1.0.tgz 0ms (cache hit)
49 silly tarball no local data for @prisma/debug@https://registry.npmjs.org/@prisma/debug/-/debug-6.19.2.tgz. Extracting by manifest.
50 http cache @prisma/driver-adapter-utils@https://registry.npmjs.org/@prisma/driver-adapter-utils/-/driver-adapter-utils-6.19.2.tgz 0ms (cache hit)
51 http cache @prisma/adapter-neon@https://registry.npmjs.org/@prisma/adapter-neon/-/adapter-neon-6.19.2.tgz 0ms (cache hit)
52 silly tarball no local data for @neondatabase/serverless@https://registry.npmjs.org/@neondatabase/serverless/-/serverless-1.1.0.tgz. Extracting by manifest.
53 silly tarball no local data for @prisma/driver-adapter-utils@https://registry.npmjs.org/@prisma/driver-adapter-utils/-/driver-adapter-utils-6.19.2.tgz. Extracting by manifest.
54 silly tarball no local data for @prisma/adapter-neon@https://registry.npmjs.org/@prisma/adapter-neon/-/adapter-neon-6.19.2.tgz. Extracting by manifest.
55 http fetch GET 200 https://registry.npmjs.org/postgres-array/-/postgres-array-3.0.4.tgz 65ms (cache miss)
56 http fetch POST 200 https://registry.npmjs.org/-/npm/v1/security/advisories/bulk 206ms
57 silly audit report {
57 silly audit report   '@clerk/backend': [
57 silly audit report     {
57 silly audit report       id: 1120354,
57 silly audit report       url: 'https://github.com/advisories/GHSA-w24r-5266-9c3c',
57 silly audit report       title: 'Clerk has an authorization bypass when combining organization, billing, or reverification checks',
57 silly audit report       severity: 'high',
57 silly audit report       vulnerable_versions: '>=3.0.0 <=3.2.13',
57 silly audit report       cwe: [Array],
57 silly audit report       cvss: [Object]
57 silly audit report     },
57 silly audit report     {
57 silly audit report       id: 1115987,
57 silly audit report       url: 'https://github.com/advisories/GHSA-gjxx-92w9-8v8f',
57 silly audit report       title: 'Clerk: SSRF in the opt-in clerkFrontendApiProxy feature may leak secret keys to unintended host',
57 silly audit report       severity: 'high',
57 silly audit report       vulnerable_versions: '>=3.0.0 <=3.2.2',
57 silly audit report       cwe: [Array],
57 silly audit report       cvss: [Object]
57 silly audit report     }
57 silly audit report   ],
57 silly audit report   '@clerk/shared': [
57 silly audit report     {
57 silly audit report       id: 1120356,
57 silly audit report       url: 'https://github.com/advisories/GHSA-w24r-5266-9c3c',
57 silly audit report       title: 'Clerk has an authorization bypass when combining organization, billing, or reverification checks',
57 silly audit report       severity: 'high',
57 silly audit report       vulnerable_versions: '>=4.0.0 <=4.8.2',
57 silly audit report       cwe: [Array],
57 silly audit report       cvss: [Object]
57 silly audit report     },
57 silly audit report     {
57 silly audit report       id: 1120357,
57 silly audit report       url: 'https://github.com/advisories/GHSA-w24r-5266-9c3c',
57 silly audit report       title: 'Clerk has an authorization bypass when combining organization, billing, or reverification checks',
57 silly audit report       severity: 'high',
57 silly audit report       vulnerable_versions: '>=3.0.0 <=3.47.4',
57 silly audit report       cwe: [Array],
57 silly audit report       cvss: [Object]
57 silly audit report     },
57 silly audit report     {
57 silly audit report       id: 1117122,
57 silly audit report       url: 'https://github.com/advisories/GHSA-vqx2-fgx2-5wq9',
57 silly audit report       title: 'Official Clerk JavaScript SDKs: Middleware-based route protection bypass',
57 silly audit report       severity: 'critical',
57 silly audit report       vulnerable_versions: '>=4.0.0 <4.8.1',
57 silly audit report       cwe: [Array],
57 silly audit report       cvss: [Object]
57 silly audit report     },
57 silly audit report     {
57 silly audit report       id: 1117123,
57 silly audit report       url: 'https://github.com/advisories/GHSA-vqx2-fgx2-5wq9',
57 silly audit report       title: 'Official Clerk JavaScript SDKs: Middleware-based route protection bypass',
57 silly audit report       severity: 'critical',
57 silly audit report       vulnerable_versions: '>=3.0.0-canary.v20250225091530 <3.47.4',
57 silly audit report       cwe: [Array],
57 silly audit report       cvss: [Object]
57 silly audit report     }
57 silly audit report   ],
57 silly audit report   '@clerk/nextjs': [
57 silly audit report     {
57 silly audit report       id: 1120352,
57 silly audit report       url: 'https://github.com/advisories/GHSA-w24r-5266-9c3c',
57 silly audit report       title: 'Clerk has an authorization bypass when combining organization, billing, or reverification checks',
57 silly audit report       severity: 'high',
57 silly audit report       vulnerable_versions: '>=7.0.0 <=7.2.3',
57 silly audit report       cwe: [Array],
57 silly audit report       cvss: [Object]
57 silly audit report     },
57 silly audit report     {
57 silly audit report       id: 1117127,
57 silly audit report       url: 'https://github.com/advisories/GHSA-vqx2-fgx2-5wq9',
57 silly audit report       title: 'Official Clerk JavaScript SDKs: Middleware-based route protection bypass',
57 silly audit report       severity: 'critical',
57 silly audit report       vulnerable_versions: '>=7.0.0 <7.2.1',
57 silly audit report       cwe: [Array],
57 silly audit report       cvss: [Object]
57 silly audit report     }
57 silly audit report   ],
57 silly audit report   '@clerk/react': [
57 silly audit report     {
57 silly audit report       id: 1120348,
57 silly audit report       url: 'https://github.com/advisories/GHSA-w24r-5266-9c3c',
57 silly audit report       title: 'Clerk has an authorization bypass when combining organization, billing, or reverification checks',
57 silly audit report       severity: 'high',
57 silly audit report       vulnerable_versions: '>=6.0.0 <=6.4.2',
57 silly audit report       cwe: [Array],
57 silly audit report       cvss: [Object]
57 silly audit report     }
57 silly audit report   ],
57 silly audit report   'brace-expansion': [
57 silly audit report     {
57 silly audit report       id: 1120311,
57 silly audit report       url: 'https://github.com/advisories/GHSA-jxxr-4gwj-5jf2',
57 silly audit report       title: 'brace-expansion: Large numeric range defeats documented `max` DoS protection',
57 silly audit report       severity: 'moderate',
57 silly audit report       vulnerable_versions: '>=5.0.0 <5.0.6',
57 silly audit report       cwe: [Array],
57 silly audit report       cvss: [Object]
57 silly audit report     },
57 silly audit report     {
57 silly audit report       id: 1115540,
57 silly audit report       url: 'https://github.com/advisories/GHSA-f886-m6hf-6m8v',
57 silly audit report       title: 'brace-expansion: Zero-step sequence causes process hang and memory exhaustion',
57 silly audit report       severity: 'moderate',
57 silly audit report       vulnerable_versions: '<1.1.13',
57 silly audit report       cwe: [Array],
57 silly audit report       cvss: [Object]
57 silly audit report     },
57 silly audit report     {
57 silly audit report       id: 1115543,
57 silly audit report       url: 'https://github.com/advisories/GHSA-f886-m6hf-6m8v',
57 silly audit report       title: 'brace-expansion: Zero-step sequence causes process hang and memory exhaustion',
57 silly audit report       severity: 'moderate',
57 silly audit report       vulnerable_versions: '>=4.0.0 <5.0.5',
57 silly audit report       cwe: [Array],
57 silly audit report       cvss: [Object]
57 silly audit report     }
57 silly audit report   ],
57 silly audit report   defu: [
57 silly audit report     {
57 silly audit report       id: 1116102,
57 silly audit report       url: 'https://github.com/advisories/GHSA-737v-mqg7-c878',
57 silly audit report       title: 'defu: Prototype pollution via `__proto__` key in defaults argument',
57 silly audit report       severity: 'high',
57 silly audit report       vulnerable_versions: '<=6.1.4',
57 silly audit report       cwe: [Array],
57 silly audit report       cvss: [Object]
57 silly audit report     }
57 silly audit report   ],
57 silly audit report   effect: [
57 silly audit report     {
57 silly audit report       id: 1115356,
57 silly audit report       url: 'https://github.com/advisories/GHSA-38f7-945m-qr2g',
57 silly audit report       title: 'Effect `AsyncLocalStorage` context lost/contaminated inside Effect fibers under concurrent load with RPC',
57 silly audit report       severity: 'high',
57 silly audit report       vulnerable_versions: '<3.20.0',
57 silly audit report       cwe: [Array],
57 silly audit report       cvss: [Object]
57 silly audit report     }
57 silly audit report   ],
57 silly audit report   'js-cookie': [
57 silly audit report     {
57 silly audit report       id: 1120607,
57 silly audit report       url: 'https://github.com/advisories/GHSA-qjx8-664m-686j',
57 silly audit report       title: 'JavaScript Cookie: Per-instance prototype hijack in assign() enables cookie-attribute injection',
57 silly audit report       severity: 'high',
57 silly audit report       vulnerable_versions: '<=3.0.5',
57 silly audit report       cwe: [Array],
57 silly audit report       cvss: [Object]
57 silly audit report     }
57 silly audit report   ],
57 silly audit report   next: [
57 silly audit report     {
57 silly audit report       id: 1117931,
57 silly audit report       url: 'https://github.com/advisories/GHSA-8h8q-6873-q5fj',
57 silly audit report       title: 'Next.js Vulnerable to Denial of Service with Server Components',
57 silly audit report       severity: 'high',
57 silly audit report       vulnerable_versions: '>=13.0.0 <15.5.16',
57 silly audit report       cwe: [Array],
57 silly audit report       cvss: [Object]
57 silly audit report     },
57 silly audit report     {
57 silly audit report       id: 1118939,
57 silly audit report       url: 'https://github.com/advisories/GHSA-26hh-7cqf-hhc6',
57 silly audit report       title: 'Next.js has a Middleware / Proxy bypass in App Router applications via segment-prefetch routes - Incomplete Fix Follow-Up',
57 silly audit report       severity: 'high',
57 silly audit report       vulnerable_versions: '>=15.2.0 <15.5.18',
57 silly audit report       cwe: [Array],
57 silly audit report       cvss: [Object]
57 silly audit report     },
57 silly audit report     {
57 silly audit report       id: 1118942,
57 silly audit report       url: 'https://github.com/advisories/GHSA-3g8h-86w9-wvmq',
57 silly audit report       title: "Next.js's Middleware / Proxy redirects can be cache-poisoned",
57 silly audit report       severity: 'low',
57 silly audit report       vulnerable_versions: '>=12.2.0 <15.5.16',
57 silly audit report       cwe: [Array],
57 silly audit report       cvss: [Object]
57 silly audit report     },
57 silly audit report     {
57 silly audit report       id: 1118944,
57 silly audit report       url: 'https://github.com/advisories/GHSA-ffhc-5mcf-pf4q',
57 silly audit report       title: 'Next.js vulnerable to cross-site scripting in App Router applications using CSP nonces',
57 silly audit report       severity: 'moderate',
57 silly audit report       vulnerable_versions: '>=13.4.0 <15.5.16',
57 silly audit report       cwe: [Array],
57 silly audit report       cvss: [Object]
57 silly audit report     },
57 silly audit report     {
57 silly audit report       id: 1118946,
57 silly audit report       url: 'https://github.com/advisories/GHSA-vfv6-92ff-j949',
57 silly audit report       title: 'Next.js vulnerable to cache poisoning via collisions in React Server Component cache-busting',
57 silly audit report       severity: 'low',
57 silly audit report       vulnerable_versions: '>=13.4.6 <15.5.16',
57 silly audit report       cwe: [Array],
57 silly audit report       cvss: [Object]
57 silly audit report     },
57 silly audit report     {
57 silly audit report       id: 1118948,
57 silly audit report       url: 'https://github.com/advisories/GHSA-gx5p-jg67-6x7h',
57 silly audit report       title: 'Next.js has cross-site scripting in beforeInteractive scripts with untrusted input',
57 silly audit report       severity: 'moderate',
57 silly audit report       vulnerable_versions: '>=13.0.0 <15.5.16',
57 silly audit report       cwe: [Array],
57 silly audit report       cvss: [Object]
57 silly audit report     },
57 silly audit report     {
57 silly audit report       id: 1118950,
57 silly audit report       url: 'https://github.com/advisories/GHSA-mg66-mrh9-m8jx',
57 silly audit report       title: 'Next.js vulnerable to Denial of Service via connection exhaustion in applications using Cache Components',
57 silly audit report       severity: 'high',
57 silly audit report       vulnerable_versions: '>=15.0.0 <15.5.16',
57 silly audit report       cwe: [Array],
57 silly audit report       cvss: [Object]
57 silly audit report     },
57 silly audit report     {
57 silly audit report       id: 1118952,
57 silly audit report       url: 'https://github.com/advisories/GHSA-h64f-5h5j-jqjh',
57 silly audit report       title: 'Next.js has a Denial of Service in the Image Optimization API',
57 silly audit report       severity: 'moderate',
57 silly audit report       vulnerable_versions: '>=10.0.0 <15.5.16',
57 silly audit report       cwe: [Array],
57 silly audit report       cvss: [Object]
57 silly audit report     },
57 silly audit report     {
57 silly audit report       id: 1118954,
57 silly audit report       url: 'https://github.com/advisories/GHSA-c4j6-fc7j-m34r',
57 silly audit report       title: 'Next.js vulnerable to server-side request forgery in applications using WebSocket upgrades',
57 silly audit report       severity: 'high',
57 silly audit report       vulnerable_versions: '>=13.4.13 <15.5.16',
57 silly audit report       cwe: [Array],
57 silly audit report       cvss: [Object]
57 silly audit report     },
57 silly audit report     {
57 silly audit report       id: 1118956,
57 silly audit report       url: 'https://github.com/advisories/GHSA-492v-c6pp-mqqv',
57 silly audit report       title: 'Next.js has a Middleware / Proxy bypass through dynamic route parameter injection',
57 silly audit report       severity: 'high',
57 silly audit report       vulnerable_versions: '>=15.4.0 <15.5.16',
57 silly audit report       cwe: [Array],
57 silly audit report       cvss: [Object]
57 silly audit report     },
57 silly audit report     {
57 silly audit report       id: 1118958,
57 silly audit report       url: 'https://github.com/advisories/GHSA-wfc6-r584-vfw7',
57 silly audit report       title: 'Next.js vulnerable to cache poisoning in React Server Component responses',
57 silly audit report       severity: 'moderate',
57 silly audit report       vulnerable_versions: '>=14.2.0 <15.5.16',
57 silly audit report       cwe: [Array],
57 silly audit report       cvss: [Object]
57 silly audit report     },
57 silly audit report     {
57 silly audit report       id: 1118960,
57 silly audit report       url: 'https://github.com/advisories/GHSA-267c-6grr-h53f',
57 silly audit report       title: 'Next.js has a Middleware / Proxy bypass in App Router applications via segment-prefetch routes',
57 silly audit report       severity: 'high',
57 silly audit report       vulnerable_versions: '>=15.2.0 <15.5.16',
57 silly audit report       cwe: [Array],
57 silly audit report       cvss: [Object]
57 silly audit report     },
57 silly audit report     {
57 silly audit report       id: 1118962,
57 silly audit report       url: 'https://github.com/advisories/GHSA-36qx-fr4f-26g5',
57 silly audit report       title: 'Next.js has a Middleware / Proxy bypass in Pages Router applications using i18n',
57 silly audit report       severity: 'high',
57 silly audit report       vulnerable_versions: '>=12.2.0 <15.5.16',
57 silly audit report       cwe: [Array],
57 silly audit report       cvss: [Object]
57 silly audit report     },
57 silly audit report     {
57 silly audit report       id: 1116376,
57 silly audit report       url: 'https://github.com/advisories/GHSA-q4gf-8mx6-v5v3',
57 silly audit report       title: 'Next.js has a Denial of Service with Server Components',
57 silly audit report       severity: 'high',
57 silly audit report       vulnerable_versions: '>=13.0.0 <15.5.15',
57 silly audit report       cwe: [Array],
57 silly audit report       cvss: [Object]
57 silly audit report     }
57 silly audit report   ],
57 silly audit report   postcss: [
57 silly audit report     {
57 silly audit report       id: 1117015,
57 silly audit report       url: 'https://github.com/advisories/GHSA-qx2v-qp2m-jg93',
57 silly audit report       title: 'PostCSS has XSS via Unescaped </style> in its CSS Stringify Output',
57 silly audit report       severity: 'moderate',
57 silly audit report       vulnerable_versions: '<8.5.10',
57 silly audit report       cwe: [Array],
57 silly audit report       cvss: [Object]
57 silly audit report     }
57 silly audit report   ],
57 silly audit report   picomatch: [
57 silly audit report     {
57 silly audit report       id: 1115549,
57 silly audit report       url: 'https://github.com/advisories/GHSA-3v7f-55p6-f55p',
57 silly audit report       title: 'Picomatch: Method Injection in POSIX Character Classes causes incorrect Glob Matching',
57 silly audit report       severity: 'moderate',
57 silly audit report       vulnerable_versions: '<2.3.2',
57 silly audit report       cwe: [Array],
57 silly audit report       cvss: [Object]
57 silly audit report     },
57 silly audit report     {
57 silly audit report       id: 1115551,
57 silly audit report       url: 'https://github.com/advisories/GHSA-3v7f-55p6-f55p',
57 silly audit report       title: 'Picomatch: Method Injection in POSIX Character Classes causes incorrect Glob Matching',
57 silly audit report       severity: 'moderate',
57 silly audit report       vulnerable_versions: '>=4.0.0 <4.0.4',
57 silly audit report       cwe: [Array],
57 silly audit report       cvss: [Object]
57 silly audit report     },
57 silly audit report     {
57 silly audit report       id: 1115552,
57 silly audit report       url: 'https://github.com/advisories/GHSA-c2c7-rcm5-vvqj',
57 silly audit report       title: 'Picomatch has a ReDoS vulnerability via extglob quantifiers',
57 silly audit report       severity: 'high',
57 silly audit report       vulnerable_versions: '<2.3.2',
57 silly audit report       cwe: [Array],
57 silly audit report       cvss: [Object]
57 silly audit report     },
57 silly audit report     {
57 silly audit report       id: 1115554,
57 silly audit report       url: 'https://github.com/advisories/GHSA-c2c7-rcm5-vvqj',
57 silly audit report       title: 'Picomatch has a ReDoS vulnerability via extglob quantifiers',
57 silly audit report       severity: 'high',
57 silly audit report       vulnerable_versions: '>=4.0.0 <4.0.4',
57 silly audit report       cwe: [Array],
57 silly audit report       cvss: [Object]
57 silly audit report     }
57 silly audit report   ],
57 silly audit report   uuid: [
57 silly audit report     {
57 silly audit report       id: 1119441,
57 silly audit report       url: 'https://github.com/advisories/GHSA-w5hq-g745-h8pq',
57 silly audit report       title: 'uuid: Missing buffer bounds check in v3/v5/v6 when buf is provided',
57 silly audit report       severity: 'moderate',
57 silly audit report       vulnerable_versions: '<11.1.1',
57 silly audit report       cwe: [Array],
57 silly audit report       cvss: [Object]
57 silly audit report     }
57 silly audit report   ],
57 silly audit report   ws: [
57 silly audit report     {
57 silly audit report       id: 1119108,
57 silly audit report       url: 'https://github.com/advisories/GHSA-58qx-3vcg-4xpx',
57 silly audit report       title: 'ws: Uninitialized memory disclosure',
57 silly audit report       severity: 'moderate',
57 silly audit report       vulnerable_versions: '>=8.0.0 <8.20.1',
57 silly audit report       cwe: [Array],
57 silly audit report       cvss: [Object]
57 silly audit report     }
57 silly audit report   ],
57 silly audit report   yaml: [
57 silly audit report     {
57 silly audit report       id: 1115556,
57 silly audit report       url: 'https://github.com/advisories/GHSA-48c2-rrv3-qjmp',
57 silly audit report       title: 'yaml is vulnerable to Stack Overflow via deeply nested YAML collections',
57 silly audit report       severity: 'moderate',
57 silly audit report       vulnerable_versions: '>=2.0.0 <2.8.3',
57 silly audit report       cwe: [Array],
57 silly audit report       cvss: [Object]
57 silly audit report     }
57 silly audit report   ]
57 silly audit report }
58 silly packumentCache corgi:https://registry.npmjs.org/@clerk%2fbackend cache-miss
59 silly packumentCache corgi:https://registry.npmjs.org/@clerk%2fshared cache-miss
60 silly packumentCache corgi:https://registry.npmjs.org/@clerk%2fnextjs cache-miss
61 silly packumentCache corgi:https://registry.npmjs.org/@clerk%2freact cache-miss
62 silly packumentCache corgi:https://registry.npmjs.org/brace-expansion cache-miss
63 silly packumentCache corgi:https://registry.npmjs.org/defu cache-miss
64 silly packumentCache corgi:https://registry.npmjs.org/effect cache-miss
65 silly packumentCache corgi:https://registry.npmjs.org/js-cookie cache-miss
66 silly packumentCache corgi:https://registry.npmjs.org/next cache-miss
67 silly packumentCache corgi:https://registry.npmjs.org/postcss cache-miss
68 silly packumentCache corgi:https://registry.npmjs.org/picomatch cache-miss
69 silly packumentCache corgi:https://registry.npmjs.org/uuid cache-miss
70 silly packumentCache corgi:https://registry.npmjs.org/ws cache-miss
71 silly packumentCache corgi:https://registry.npmjs.org/yaml cache-miss
72 http fetch GET 200 https://registry.npmjs.org/@prisma/driver-adapter-utils/-/driver-adapter-utils-6.19.2.tgz 296ms (cache miss)
73 http fetch GET 200 https://registry.npmjs.org/@prisma/debug/-/debug-6.19.2.tgz 302ms (cache miss)
74 http fetch GET 200 https://registry.npmjs.org/yaml 80ms (cache miss)
75 silly packumentCache corgi:https://registry.npmjs.org/yaml set size:undefined disposed:false
76 http fetch GET 200 https://registry.npmjs.org/ws 90ms (cache miss)
77 silly packumentCache corgi:https://registry.npmjs.org/ws set size:undefined disposed:false
78 http fetch GET 200 https://registry.npmjs.org/js-cookie 113ms (cache miss)
79 silly packumentCache corgi:https://registry.npmjs.org/js-cookie set size:undefined disposed:false
80 http fetch GET 200 https://registry.npmjs.org/defu 122ms (cache miss)
81 silly packumentCache corgi:https://registry.npmjs.org/defu set size:undefined disposed:false
82 http fetch GET 200 https://registry.npmjs.org/brace-expansion 137ms (cache miss)
83 silly packumentCache corgi:https://registry.npmjs.org/brace-expansion set size:undefined disposed:false
84 http fetch GET 200 https://registry.npmjs.org/picomatch 141ms (cache miss)
85 silly packumentCache corgi:https://registry.npmjs.org/picomatch set size:undefined disposed:false
86 http fetch GET 200 https://registry.npmjs.org/@neondatabase/serverless/-/serverless-1.1.0.tgz 384ms (cache miss)
87 http fetch GET 200 https://registry.npmjs.org/uuid 160ms (cache miss)
88 silly packumentCache corgi:https://registry.npmjs.org/uuid set size:undefined disposed:false
89 http fetch GET 200 https://registry.npmjs.org/effect 169ms (cache miss)
90 silly packumentCache corgi:https://registry.npmjs.org/effect set size:undefined disposed:false
91 http fetch GET 200 https://registry.npmjs.org/postcss 184ms (cache miss)
92 silly packumentCache corgi:https://registry.npmjs.org/postcss set size:undefined disposed:false
93 http fetch GET 200 https://registry.npmjs.org/@prisma/adapter-neon/-/adapter-neon-6.19.2.tgz 421ms (cache miss)
94 http fetch GET 200 https://registry.npmjs.org/@clerk%2freact 913ms (cache miss)
95 silly packumentCache corgi:https://registry.npmjs.org/@clerk%2freact set size:undefined disposed:false
96 http fetch GET 200 https://registry.npmjs.org/@clerk%2fbackend 1018ms (cache miss)
97 silly packumentCache corgi:https://registry.npmjs.org/@clerk%2fbackend set size:undefined disposed:false
98 http fetch GET 200 https://registry.npmjs.org/@clerk%2fshared 1265ms (cache miss)
99 silly packumentCache corgi:https://registry.npmjs.org/@clerk%2fshared set size:undefined disposed:false
100 http fetch GET 200 https://registry.npmjs.org/next 1718ms (cache miss)
101 silly packumentCache corgi:https://registry.npmjs.org/next set size:undefined disposed:false
102 http fetch GET 200 https://registry.npmjs.org/@clerk%2fnextjs 2690ms (cache miss)
103 silly packumentCache corgi:https://registry.npmjs.org/@clerk%2fnextjs set size:undefined disposed:false
104 silly packumentCache corgi:https://registry.npmjs.org/@clerk%2fthemes cache-miss
105 http fetch GET 200 https://registry.npmjs.org/@clerk%2fthemes 444ms (cache miss)
106 silly packumentCache corgi:https://registry.npmjs.org/@clerk%2fthemes set size:undefined disposed:false
107 silly packumentCache corgi:https://registry.npmjs.org/minimatch cache-miss
108 http fetch GET 200 https://registry.npmjs.org/minimatch 43ms (cache miss)
109 silly packumentCache corgi:https://registry.npmjs.org/minimatch set size:undefined disposed:false
110 silly packumentCache corgi:https://registry.npmjs.org/c12 cache-miss
111 silly packumentCache corgi:https://registry.npmjs.org/giget cache-miss
112 silly packumentCache corgi:https://registry.npmjs.org/rc9 cache-miss
113 http fetch GET 200 https://registry.npmjs.org/giget 28ms (cache miss)
114 silly packumentCache corgi:https://registry.npmjs.org/giget set size:undefined disposed:false
115 http fetch GET 200 https://registry.npmjs.org/c12 33ms (cache miss)
116 silly packumentCache corgi:https://registry.npmjs.org/c12 set size:undefined disposed:false
117 http fetch GET 200 https://registry.npmjs.org/rc9 38ms (cache miss)
118 silly packumentCache corgi:https://registry.npmjs.org/rc9 set size:undefined disposed:false
119 silly packumentCache corgi:https://registry.npmjs.org/@prisma%2fconfig cache-miss
120 http fetch GET 200 https://registry.npmjs.org/@prisma%2fconfig 118ms (cache miss)
121 silly packumentCache corgi:https://registry.npmjs.org/@prisma%2fconfig set size:undefined disposed:false
122 silly packumentCache corgi:https://registry.npmjs.org/autoprefixer cache-miss
123 silly packumentCache corgi:https://registry.npmjs.org/postcss-import cache-miss
124 silly packumentCache corgi:https://registry.npmjs.org/postcss-js cache-miss
125 silly packumentCache corgi:https://registry.npmjs.org/postcss-nested cache-miss
126 silly packumentCache corgi:https://registry.npmjs.org/tailwindcss cache-miss
127 silly packumentCache corgi:https://registry.npmjs.org/postcss-load-config cache-miss
128 http fetch GET 200 https://registry.npmjs.org/postcss-import 151ms (cache miss)
129 silly packumentCache corgi:https://registry.npmjs.org/postcss-import set size:undefined disposed:false
130 http fetch GET 200 https://registry.npmjs.org/postcss-js 158ms (cache miss)
131 silly packumentCache corgi:https://registry.npmjs.org/postcss-js set size:undefined disposed:false
132 http fetch GET 200 https://registry.npmjs.org/postcss-load-config 166ms (cache miss)
133 silly packumentCache corgi:https://registry.npmjs.org/postcss-load-config set size:undefined disposed:false
134 http fetch GET 200 https://registry.npmjs.org/autoprefixer 208ms (cache miss)
135 silly packumentCache corgi:https://registry.npmjs.org/autoprefixer set size:undefined disposed:false
136 http fetch GET 200 https://registry.npmjs.org/postcss-nested 297ms (cache miss)
137 silly packumentCache corgi:https://registry.npmjs.org/postcss-nested set size:undefined disposed:false
138 http fetch GET 200 https://registry.npmjs.org/tailwindcss 307ms (cache miss)
139 silly packumentCache corgi:https://registry.npmjs.org/tailwindcss set size:undefined disposed:false
140 silly packumentCache corgi:https://registry.npmjs.org/anymatch cache-miss
141 silly packumentCache corgi:https://registry.npmjs.org/micromatch cache-miss
142 silly packumentCache corgi:https://registry.npmjs.org/readdirp cache-miss
143 http fetch GET 200 https://registry.npmjs.org/anymatch 33ms (cache miss)
144 silly packumentCache corgi:https://registry.npmjs.org/anymatch set size:undefined disposed:false
145 http fetch GET 200 https://registry.npmjs.org/readdirp 34ms (cache miss)
146 silly packumentCache corgi:https://registry.npmjs.org/readdirp set size:undefined disposed:false
147 http fetch GET 200 https://registry.npmjs.org/micromatch 35ms (cache miss)
148 silly packumentCache corgi:https://registry.npmjs.org/micromatch set size:undefined disposed:false
149 silly packumentCache corgi:https://registry.npmjs.org/tinyglobby cache-miss
150 silly packumentCache corgi:https://registry.npmjs.org/fdir cache-miss
151 http fetch GET 200 https://registry.npmjs.org/tinyglobby 28ms (cache miss)
152 silly packumentCache corgi:https://registry.npmjs.org/tinyglobby set size:undefined disposed:false
153 http fetch GET 200 https://registry.npmjs.org/fdir 30ms (cache miss)
154 silly packumentCache corgi:https://registry.npmjs.org/fdir set size:undefined disposed:false
155 silly packumentCache corgi:https://registry.npmjs.org/svix cache-miss
156 http fetch GET 200 https://registry.npmjs.org/svix 205ms (cache miss)
157 silly packumentCache corgi:https://registry.npmjs.org/svix set size:undefined disposed:false
158 silly packumentCache corgi:https://registry.npmjs.org/engine.io cache-miss
159 silly packumentCache corgi:https://registry.npmjs.org/engine.io-client cache-miss
160 silly packumentCache corgi:https://registry.npmjs.org/socket.io-adapter cache-miss
161 http fetch GET 200 https://registry.npmjs.org/engine.io 36ms (cache miss)
162 silly packumentCache corgi:https://registry.npmjs.org/engine.io set size:undefined disposed:false
163 http fetch GET 200 https://registry.npmjs.org/socket.io-adapter 50ms (cache miss)
164 silly packumentCache corgi:https://registry.npmjs.org/socket.io-adapter set size:undefined disposed:false
165 http fetch GET 200 https://registry.npmjs.org/engine.io-client 51ms (cache miss)
166 silly packumentCache corgi:https://registry.npmjs.org/engine.io-client set size:undefined disposed:false
167 silly packumentCache corgi:https://registry.npmjs.org/prisma cache-miss
168 http fetch GET 200 https://registry.npmjs.org/prisma 470ms (cache miss)
169 silly packumentCache corgi:https://registry.npmjs.org/prisma set size:undefined disposed:false
170 silly packumentCache corgi:https://registry.npmjs.org/socket.io cache-miss
171 http fetch GET 200 https://registry.npmjs.org/socket.io 62ms (cache miss)
172 silly packumentCache corgi:https://registry.npmjs.org/socket.io set size:undefined disposed:false
173 silly packumentCache corgi:https://registry.npmjs.org/socket.io-client cache-miss
174 http fetch GET 200 https://registry.npmjs.org/socket.io-client 43ms (cache miss)
175 silly packumentCache corgi:https://registry.npmjs.org/socket.io-client set size:undefined disposed:false
176 silly packumentCache corgi:https://registry.npmjs.org/@prisma%2fclient cache-miss
177 http fetch GET 200 https://registry.npmjs.org/@prisma%2fclient 908ms (cache miss)
178 silly packumentCache corgi:https://registry.npmjs.org/@prisma%2fclient set size:undefined disposed:false
179 silly ADD node_modules/@prisma/debug
180 silly ADD node_modules/postgres-array
181 silly ADD node_modules/@prisma/driver-adapter-utils
182 silly ADD node_modules/@prisma/adapter-neon
183 silly ADD node_modules/@neondatabase/serverless
184 silly REMOVE node_modules/@prisma/get-platform/node_modules/@prisma/debug
185 silly REMOVE node_modules/@prisma/fetch-engine/node_modules/@prisma/debug
186 silly REMOVE node_modules/@prisma/engines/node_modules/@prisma/debug
187 verbose cwd C:\Users\Tony Olajide\Documents\Projects\pt-app
188 verbose os Windows_NT 10.0.26200
189 verbose node v24.14.0
190 verbose npm  v11.9.0
191 verbose exit 0
192 info ok
