0 verbose cli C:\Program Files\nodejs\node.exe C:\Program Files\nodejs\node_modules\npm\bin\npm-cli.js
1 info using npm@11.9.0
2 info using node@v24.14.0
3 silly config load:file:C:\Program Files\nodejs\node_modules\npm\npmrc
4 silly config load:file:C:\Users\Tony Olajide\Documents\Projects\pt-app\.npmrc
5 silly config load:file:C:\Users\Tony Olajide\.npmrc
6 silly config load:file:C:\Users\Tony Olajide\AppData\Roaming\npm\etc\npmrc
7 verbose title npm view @prisma/adapter-neon version
8 verbose argv "--cache" ".\\tmp\\npm-cache" "view" "@prisma/adapter-neon" "version"
9 verbose logfile logs-max:10 dir:C:\Users\Tony Olajide\Documents\Projects\pt-app\tmp\npm-cache\_logs\2026-06-14T16_55_42_245Z-
10 verbose logfile C:\Users\Tony Olajide\Documents\Projects\pt-app\tmp\npm-cache\_logs\2026-06-14T16_55_42_245Z-debug-0.log
11 silly logfile done cleaning log files
12 http fetch GET 200 https://registry.npmjs.org/npm 212ms
13 http fetch GET 200 https://registry.npmjs.org/@prisma%2fadapter-neon 321ms (cache miss)
14 verbose cwd C:\Users\Tony Olajide\Documents\Projects\pt-app
15 verbose os Windows_NT 10.0.26200
16 verbose node v24.14.0
17 verbose npm  v11.9.0
18 notice
18 notice New minor version of npm available! 11.9.0 -> 11.17.0
18 notice Changelog: https://github.com/npm/cli/releases/tag/v11.17.0
18 notice To update run: npm install -g npm@11.17.0
18 notice  { force: true, Symbol(proc-log.meta): true }
19 verbose exit 0
20 info ok
